DEB [20240422-16:43:46.240] thr=1   paramiko.transport: starting thread (client mode): 0x3fcb83b0
DEB [20240422-16:43:46.240] thr=1   paramiko.transport: Local version/idstring: SSH-2.0-paramiko_3.4.0
DEB [20240422-16:43:46.482] thr=1   paramiko.transport: Remote version/idstring: SSH-2.0-OpenSSH_7.6
INF [20240422-16:43:46.483] thr=1   paramiko.transport: Connected (version 2.0, client OpenSSH_7.6)
DEB [20240422-16:43:46.521] thr=1   paramiko.transport: === Key exchange possibilities ===
DEB [20240422-16:43:46.522] thr=1   paramiko.transport: kex algos: curve25519-sha256, curve25519-sha256@libssh.org, ecdh-sha2-nistp256, ecdh-sha2-nistp384, ecdh-sha2-nistp521, diffie-hellman-group-exchange-sha256, diffie-hellman-group16-sha512, diffie-hellman-group18-sha512, diffie-hellman-group14-sha256, diffie-hellman-group14-sha1
DEB [20240422-16:43:46.522] thr=1   paramiko.transport: server key: ssh-rsa, rsa-sha2-512, rsa-sha2-256, ecdsa-sha2-nistp256
DEB [20240422-16:43:46.522] thr=1   paramiko.transport: client encrypt: aes128-ctr, aes192-ctr, aes256-ctr
DEB [20240422-16:43:46.523] thr=1   paramiko.transport: server encrypt: aes128-ctr, aes192-ctr, aes256-ctr
DEB [20240422-16:43:46.523] thr=1   paramiko.transport: client mac: hmac-sha2-256, hmac-sha2-512, hmac-sha1
DEB [20240422-16:43:46.523] thr=1   paramiko.transport: server mac: hmac-sha2-256, hmac-sha2-512, hmac-sha1
DEB [20240422-16:43:46.523] thr=1   paramiko.transport: client compress: none, zlib@openssh.com
DEB [20240422-16:43:46.525] thr=1   paramiko.transport: server compress: none, zlib@openssh.com
DEB [20240422-16:43:46.525] thr=1   paramiko.transport: client lang: <none>
DEB [20240422-16:43:46.525] thr=1   paramiko.transport: server lang: <none>
DEB [20240422-16:43:46.525] thr=1   paramiko.transport: kex follows: False
DEB [20240422-16:43:46.525] thr=1   paramiko.transport: === Key exchange agreements ===
DEB [20240422-16:43:46.526] thr=1   paramiko.transport: Kex: curve25519-sha256@libssh.org
DEB [20240422-16:43:46.526] thr=1   paramiko.transport: HostKey: ecdsa-sha2-nistp256
DEB [20240422-16:43:46.526] thr=1   paramiko.transport: Cipher: aes128-ctr
DEB [20240422-16:43:46.526] thr=1   paramiko.transport: MAC: hmac-sha2-256
DEB [20240422-16:43:46.527] thr=1   paramiko.transport: Compression: none
DEB [20240422-16:43:46.527] thr=1   paramiko.transport: === End of kex handshake ===
DEB [20240422-16:43:46.822] thr=1   paramiko.transport: kex engine KexCurve25519 specified hash_algo <built-in function openssl_sha256>
DEB [20240422-16:43:46.823] thr=1   paramiko.transport: Switch to new keys ...
DEB [20240422-16:43:46.824] thr=1   paramiko.transport: Got EXT_INFO: {'server-sig-algs': b'ssh-ed25519,ssh-rsa,rsa-sha2-256,rsa-sha2-512,ssh-dss,ecdsa-sha2-nistp256,ecdsa-sha2-nistp384,ecdsa-sha2-nistp521'}
DEB [20240422-16:43:46.825] thr=2   paramiko.transport: Adding ecdsa-sha2-nistp256 host key for 10.91.77.131: b'a0774047b66e847b660c70bdf5755159'
DEB [20240422-16:43:46.830] thr=1   paramiko.transport: userauth is OK
INF [20240422-16:43:46.916] thr=1   paramiko.transport: Auth banner: b'...                                        .yy-   `..`                          \nsho                                        .hh-   -yy/                          \nsho         .-----.    `-.`----.     `.-----hh-  .-::.    `.----.`              \nsho        `+yyyyyys.  :yyyysyyyo.  .syyssyyhh- `+yyy/  .oyyyyyys.              \nsho         ```...yho  :hy/```-sh+  ohy.```/hh-  `.sh/  /hy-...``               \nsho        .+ossssyho  :hy.   `oh+  ohs    -hh-   `sh/  .oyyssso/.              \nsho       .yh+::-:yho  :hy.   `oh+  ohs    -hh-   `sh/    `.--:ohs`     ``      \n+hy/::::. -yh/--:+yho  :hy.   `oh+  /hy/-:/shh-   `sh/  `:::::/oho`    `/+`     \n`/oooooo:  :ossss++s+  -oo.    +s/  `:ossss+oo.   `+o:  `ooooooo:`     `/+.     \n             ````  `    `       `      ```` ``      `     ````    `````.++-`````\n                               :+-   `-//+++/`                    //////+o//////\n                               oh/  .sysoooo+`                     `````/+.`````\n                               oh/  +hy`        +o:    .o+.`/o:/oo`    `/+.     \n                               oh/  +hy  .::::- /yy.   oh+ `shyo//`    `//`     \n                               oh/  +hy  :ooyho``oho` .hy. `sh+`        ``      \n                               oh/  +hy    `+ho` .yh:`oh+  `sh+                 \n                               oh/  /hy-```.oho`  :hy+yy.  `sh+                 \n                               oh/  `oyyssssys:   `oyhh/   `sy+                 \n                               oh/    `--::-.`     `+hy`    --.                 \n                               oh/              `-:+yy:                         \n                               oh/              `+so+-                          \n                               oh/                                              \n'
INF [20240422-16:43:46.917] thr=1   paramiko.transport: Authentication (password) successful!
DEB [20240422-16:43:46.918] thr=1   paramiko.transport: EOF in transport thread
DEB [20240422-16:44:14.484] thr=1   paramiko.transport: starting thread (client mode): 0x6c3bcd70
DEB [20240422-16:44:14.485] thr=1   paramiko.transport: Local version/idstring: SSH-2.0-paramiko_3.4.0
DEB [20240422-16:44:14.678] thr=1   paramiko.transport: Remote version/idstring: SSH-2.0-OpenSSH_7.6
INF [20240422-16:44:14.680] thr=1   paramiko.transport: Connected (version 2.0, client OpenSSH_7.6)
DEB [20240422-16:44:14.691] thr=1   paramiko.transport: === Key exchange possibilities ===
DEB [20240422-16:44:14.691] thr=1   paramiko.transport: kex algos: curve25519-sha256, curve25519-sha256@libssh.org, ecdh-sha2-nistp256, ecdh-sha2-nistp384, ecdh-sha2-nistp521, diffie-hellman-group-exchange-sha256, diffie-hellman-group16-sha512, diffie-hellman-group18-sha512, diffie-hellman-group14-sha256, diffie-hellman-group14-sha1
DEB [20240422-16:44:14.691] thr=1   paramiko.transport: server key: ssh-rsa, rsa-sha2-512, rsa-sha2-256, ecdsa-sha2-nistp256
DEB [20240422-16:44:14.691] thr=1   paramiko.transport: client encrypt: aes128-ctr, aes192-ctr, aes256-ctr
DEB [20240422-16:44:14.692] thr=1   paramiko.transport: server encrypt: aes128-ctr, aes192-ctr, aes256-ctr
DEB [20240422-16:44:14.692] thr=1   paramiko.transport: client mac: hmac-sha2-256, hmac-sha2-512, hmac-sha1
DEB [20240422-16:44:14.692] thr=1   paramiko.transport: server mac: hmac-sha2-256, hmac-sha2-512, hmac-sha1
DEB [20240422-16:44:14.692] thr=1   paramiko.transport: client compress: none, zlib@openssh.com
DEB [20240422-16:44:14.692] thr=1   paramiko.transport: server compress: none, zlib@openssh.com
DEB [20240422-16:44:14.692] thr=1   paramiko.transport: client lang: <none>
DEB [20240422-16:44:14.692] thr=1   paramiko.transport: server lang: <none>
DEB [20240422-16:44:14.692] thr=1   paramiko.transport: kex follows: False
DEB [20240422-16:44:14.692] thr=1   paramiko.transport: === Key exchange agreements ===
DEB [20240422-16:44:14.693] thr=1   paramiko.transport: Kex: curve25519-sha256@libssh.org
DEB [20240422-16:44:14.693] thr=1   paramiko.transport: HostKey: ecdsa-sha2-nistp256
DEB [20240422-16:44:14.693] thr=1   paramiko.transport: Cipher: aes128-ctr
DEB [20240422-16:44:14.693] thr=1   paramiko.transport: MAC: hmac-sha2-256
DEB [20240422-16:44:14.693] thr=1   paramiko.transport: Compression: none
DEB [20240422-16:44:14.693] thr=1   paramiko.transport: === End of kex handshake ===
DEB [20240422-16:44:14.899] thr=1   paramiko.transport: kex engine KexCurve25519 specified hash_algo <built-in function openssl_sha256>
DEB [20240422-16:44:14.901] thr=1   paramiko.transport: Switch to new keys ...
DEB [20240422-16:44:14.902] thr=1   paramiko.transport: Got EXT_INFO: {'server-sig-algs': b'ssh-ed25519,ssh-rsa,rsa-sha2-256,rsa-sha2-512,ssh-dss,ecdsa-sha2-nistp256,ecdsa-sha2-nistp384,ecdsa-sha2-nistp521'}
DEB [20240422-16:44:14.902] thr=2   paramiko.transport: Adding ecdsa-sha2-nistp256 host key for 10.91.77.131: b'a0774047b66e847b660c70bdf5755159'
DEB [20240422-16:44:14.907] thr=1   paramiko.transport: userauth is OK
INF [20240422-16:44:14.986] thr=1   paramiko.transport: Auth banner: b'...                                        .yy-   `..`                          \nsho                                        .hh-   -yy/                          \nsho         .-----.    `-.`----.     `.-----hh-  .-::.    `.----.`              \nsho        `+yyyyyys.  :yyyysyyyo.  .syyssyyhh- `+yyy/  .oyyyyyys.              \nsho         ```...yho  :hy/```-sh+  ohy.```/hh-  `.sh/  /hy-...``               \nsho        .+ossssyho  :hy.   `oh+  ohs    -hh-   `sh/  .oyyssso/.              \nsho       .yh+::-:yho  :hy.   `oh+  ohs    -hh-   `sh/    `.--:ohs`     ``      \n+hy/::::. -yh/--:+yho  :hy.   `oh+  /hy/-:/shh-   `sh/  `:::::/oho`    `/+`     \n`/oooooo:  :ossss++s+  -oo.    +s/  `:ossss+oo.   `+o:  `ooooooo:`     `/+.     \n             ````  `    `       `      ```` ``      `     ````    `````.++-`````\n                               :+-   `-//+++/`                    //////+o//////\n                               oh/  .sysoooo+`                     `````/+.`````\n                               oh/  +hy`        +o:    .o+.`/o:/oo`    `/+.     \n                               oh/  +hy  .::::- /yy.   oh+ `shyo//`    `//`     \n                               oh/  +hy  :ooyho``oho` .hy. `sh+`        ``      \n                               oh/  +hy    `+ho` .yh:`oh+  `sh+                 \n                               oh/  /hy-```.oho`  :hy+yy.  `sh+                 \n                               oh/  `oyyssssys:   `oyhh/   `sy+                 \n                               oh/    `--::-.`     `+hy`    --.                 \n                               oh/              `-:+yy:                         \n                               oh/              `+so+-                          \n                               oh/                                              \n'
INF [20240422-16:44:14.987] thr=1   paramiko.transport: Authentication (password) successful!
DEB [20240422-16:44:14.990] thr=2   paramiko.transport: [chan 0] Max packet in: 32768 bytes
DEB [20240422-16:44:15.008] thr=1   paramiko.transport: Received global request "hostkeys-00@openssh.com"
DEB [20240422-16:44:15.008] thr=1   paramiko.transport: Rejecting "hostkeys-00@openssh.com" global request from server.
DEB [20240422-16:44:15.053] thr=1   paramiko.transport: [chan 0] Max packet out: 32768 bytes
DEB [20240422-16:44:15.054] thr=1   paramiko.transport: Secsh channel 0 opened.
DEB [20240422-16:44:15.059] thr=1   paramiko.transport: [chan 0] Sesch channel 0 request ok
DEB [20240422-16:44:15.145] thr=1   paramiko.transport: [chan 0] EOF received (0)
DEB [20240422-16:44:15.147] thr=2   paramiko.transport: [chan 1] Max packet in: 32768 bytes
DEB [20240422-16:44:15.147] thr=1   paramiko.transport: [chan 0] EOF sent (0)
DEB [20240422-16:44:15.150] thr=1   paramiko.transport: [chan 1] Max packet out: 32768 bytes
DEB [20240422-16:44:15.150] thr=1   paramiko.transport: Secsh channel 1 opened.
DEB [20240422-16:44:15.197] thr=1   paramiko.transport: [chan 1] Sesch channel 1 request ok
DEB [20240422-16:44:15.325] thr=1   paramiko.transport: [chan 1] EOF received (1)
DEB [20240422-16:44:15.327] thr=2   paramiko.transport: [chan 2] Max packet in: 32768 bytes
DEB [20240422-16:44:15.327] thr=1   paramiko.transport: [chan 1] EOF sent (1)
DEB [20240422-16:44:15.330] thr=1   paramiko.transport: [chan 2] Max packet out: 32768 bytes
DEB [20240422-16:44:15.330] thr=1   paramiko.transport: Secsh channel 2 opened.
DEB [20240422-16:44:15.376] thr=1   paramiko.transport: [chan 2] Sesch channel 2 request ok
DEB [20240422-16:44:29.969] thr=1   paramiko.transport: [chan 2] EOF received (2)
DEB [20240422-16:44:29.970] thr=1   paramiko.transport: [chan 2] EOF sent (2)
DEB [20240422-16:44:29.974] thr=1   paramiko.transport: EOF in transport thread
DEB [20240422-16:44:35.671] thr=1   paramiko.transport: starting thread (client mode): 0x8956e120
DEB [20240422-16:44:35.671] thr=1   paramiko.transport: Local version/idstring: SSH-2.0-paramiko_3.4.0
DEB [20240422-16:44:35.755] thr=1   paramiko.transport: Remote version/idstring: SSH-2.0-OpenSSH_7.6
INF [20240422-16:44:35.755] thr=1   paramiko.transport: Connected (version 2.0, client OpenSSH_7.6)
DEB [20240422-16:44:35.766] thr=1   paramiko.transport: === Key exchange possibilities ===
DEB [20240422-16:44:35.767] thr=1   paramiko.transport: kex algos: curve25519-sha256, curve25519-sha256@libssh.org, ecdh-sha2-nistp256, ecdh-sha2-nistp384, ecdh-sha2-nistp521, diffie-hellman-group-exchange-sha256, diffie-hellman-group16-sha512, diffie-hellman-group18-sha512, diffie-hellman-group14-sha256, diffie-hellman-group14-sha1
DEB [20240422-16:44:35.767] thr=1   paramiko.transport: server key: ssh-rsa, rsa-sha2-512, rsa-sha2-256, ecdsa-sha2-nistp256
DEB [20240422-16:44:35.767] thr=1   paramiko.transport: client encrypt: aes128-ctr, aes192-ctr, aes256-ctr
DEB [20240422-16:44:35.768] thr=1   paramiko.transport: server encrypt: aes128-ctr, aes192-ctr, aes256-ctr
DEB [20240422-16:44:35.768] thr=1   paramiko.transport: client mac: hmac-sha2-256, hmac-sha2-512, hmac-sha1
DEB [20240422-16:44:35.769] thr=1   paramiko.transport: server mac: hmac-sha2-256, hmac-sha2-512, hmac-sha1
DEB [20240422-16:44:35.769] thr=1   paramiko.transport: client compress: none, zlib@openssh.com
DEB [20240422-16:44:35.769] thr=1   paramiko.transport: server compress: none, zlib@openssh.com
DEB [20240422-16:44:35.770] thr=1   paramiko.transport: client lang: <none>
DEB [20240422-16:44:35.770] thr=1   paramiko.transport: server lang: <none>
DEB [20240422-16:44:35.770] thr=1   paramiko.transport: kex follows: False
DEB [20240422-16:44:35.771] thr=1   paramiko.transport: === Key exchange agreements ===
DEB [20240422-16:44:35.771] thr=1   paramiko.transport: Kex: curve25519-sha256@libssh.org
DEB [20240422-16:44:35.772] thr=1   paramiko.transport: HostKey: ecdsa-sha2-nistp256
DEB [20240422-16:44:35.772] thr=1   paramiko.transport: Cipher: aes128-ctr
DEB [20240422-16:44:35.772] thr=1   paramiko.transport: MAC: hmac-sha2-256
DEB [20240422-16:44:35.774] thr=1   paramiko.transport: Compression: none
DEB [20240422-16:44:35.774] thr=1   paramiko.transport: === End of kex handshake ===
DEB [20240422-16:44:35.865] thr=1   paramiko.transport: kex engine KexCurve25519 specified hash_algo <built-in function openssl_sha256>
DEB [20240422-16:44:35.867] thr=1   paramiko.transport: Switch to new keys ...
DEB [20240422-16:44:35.868] thr=2   paramiko.transport: Adding ecdsa-sha2-nistp256 host key for 10.91.77.131: b'a0774047b66e847b660c70bdf5755159'
DEB [20240422-16:44:35.869] thr=1   paramiko.transport: Got EXT_INFO: {'server-sig-algs': b'ssh-ed25519,ssh-rsa,rsa-sha2-256,rsa-sha2-512,ssh-dss,ecdsa-sha2-nistp256,ecdsa-sha2-nistp384,ecdsa-sha2-nistp521'}
DEB [20240422-16:44:35.877] thr=1   paramiko.transport: userauth is OK
INF [20240422-16:44:35.906] thr=1   paramiko.transport: Auth banner: b'...                                        .yy-   `..`                          \nsho                                        .hh-   -yy/                          \nsho         .-----.    `-.`----.     `.-----hh-  .-::.    `.----.`              \nsho        `+yyyyyys.  :yyyysyyyo.  .syyssyyhh- `+yyy/  .oyyyyyys.              \nsho         ```...yho  :hy/```-sh+  ohy.```/hh-  `.sh/  /hy-...``               \nsho        .+ossssyho  :hy.   `oh+  ohs    -hh-   `sh/  .oyyssso/.              \nsho       .yh+::-:yho  :hy.   `oh+  ohs    -hh-   `sh/    `.--:ohs`     ``      \n+hy/::::. -yh/--:+yho  :hy.   `oh+  /hy/-:/shh-   `sh/  `:::::/oho`    `/+`     \n`/oooooo:  :ossss++s+  -oo.    +s/  `:ossss+oo.   `+o:  `ooooooo:`     `/+.     \n             ````  `    `       `      ```` ``      `     ````    `````.++-`````\n                               :+-   `-//+++/`                    //////+o//////\n                               oh/  .sysoooo+`                     `````/+.`````\n                               oh/  +hy`        +o:    .o+.`/o:/oo`    `/+.     \n                               oh/  +hy  .::::- /yy.   oh+ `shyo//`    `//`     \n                               oh/  +hy  :ooyho``oho` .hy. `sh+`        ``      \n                               oh/  +hy    `+ho` .yh:`oh+  `sh+                 \n                               oh/  /hy-```.oho`  :hy+yy.  `sh+                 \n                               oh/  `oyyssssys:   `oyhh/   `sy+                 \n                               oh/    `--::-.`     `+hy`    --.                 \n                               oh/              `-:+yy:                         \n                               oh/              `+so+-                          \n                               oh/                                              \n'
INF [20240422-16:44:35.908] thr=1   paramiko.transport: Authentication (password) successful!
DEB [20240422-16:44:35.908] thr=2   paramiko.transport: [chan 0] Max packet in: 32768 bytes
DEB [20240422-16:44:35.921] thr=1   paramiko.transport: Received global request "hostkeys-00@openssh.com"
DEB [20240422-16:44:35.921] thr=1   paramiko.transport: Rejecting "hostkeys-00@openssh.com" global request from server.
DEB [20240422-16:44:35.969] thr=1   paramiko.transport: [chan 0] Max packet out: 32768 bytes
DEB [20240422-16:44:35.969] thr=1   paramiko.transport: Secsh channel 0 opened.
DEB [20240422-16:44:35.984] thr=1   paramiko.transport: [chan 0] Sesch channel 0 request ok
DEB [20240422-16:44:36.006] thr=1   paramiko.transport: [chan 0] EOF received (0)
DEB [20240422-16:44:36.007] thr=2   paramiko.transport: [chan 1] Max packet in: 32768 bytes
DEB [20240422-16:44:36.007] thr=1   paramiko.transport: [chan 0] EOF sent (0)
DEB [20240422-16:44:36.009] thr=1   paramiko.transport: [chan 1] Max packet out: 32768 bytes
DEB [20240422-16:44:36.009] thr=1   paramiko.transport: Secsh channel 1 opened.
DEB [20240422-16:44:36.056] thr=1   paramiko.transport: [chan 1] Sesch channel 1 request ok
DEB [20240422-16:44:36.101] thr=1   paramiko.transport: [chan 1] EOF received (1)
DEB [20240422-16:44:36.102] thr=2   paramiko.transport: [chan 2] Max packet in: 32768 bytes
DEB [20240422-16:44:36.103] thr=1   paramiko.transport: [chan 1] EOF sent (1)
DEB [20240422-16:44:36.106] thr=1   paramiko.transport: [chan 2] Max packet out: 32768 bytes
DEB [20240422-16:44:36.106] thr=1   paramiko.transport: Secsh channel 2 opened.
DEB [20240422-16:44:36.156] thr=1   paramiko.transport: [chan 2] Sesch channel 2 request ok
DEB [20240422-16:44:46.617] thr=1   paramiko.transport: [chan 2] EOF received (2)
DEB [20240422-16:44:46.618] thr=1   paramiko.transport: [chan 2] EOF sent (2)
DEB [20240422-16:44:46.620] thr=1   paramiko.transport: EOF in transport thread
DEB [20240423-08:38:45.190] thr=1   paramiko.transport: starting thread (client mode): 0x7d0b680
DEB [20240423-08:38:45.192] thr=1   paramiko.transport: Local version/idstring: SSH-2.0-paramiko_3.4.0
DEB [20240423-08:38:45.276] thr=1   paramiko.transport: Remote version/idstring: SSH-2.0-OpenSSH_7.6
INF [20240423-08:38:45.276] thr=1   paramiko.transport: Connected (version 2.0, client OpenSSH_7.6)
DEB [20240423-08:38:45.286] thr=1   paramiko.transport: === Key exchange possibilities ===
DEB [20240423-08:38:45.287] thr=1   paramiko.transport: kex algos: curve25519-sha256, curve25519-sha256@libssh.org, ecdh-sha2-nistp256, ecdh-sha2-nistp384, ecdh-sha2-nistp521, diffie-hellman-group-exchange-sha256, diffie-hellman-group16-sha512, diffie-hellman-group18-sha512, diffie-hellman-group14-sha256, diffie-hellman-group14-sha1
DEB [20240423-08:38:45.287] thr=1   paramiko.transport: server key: ssh-rsa, rsa-sha2-512, rsa-sha2-256, ecdsa-sha2-nistp256
DEB [20240423-08:38:45.287] thr=1   paramiko.transport: client encrypt: aes128-ctr, aes192-ctr, aes256-ctr
DEB [20240423-08:38:45.287] thr=1   paramiko.transport: server encrypt: aes128-ctr, aes192-ctr, aes256-ctr
DEB [20240423-08:38:45.287] thr=1   paramiko.transport: client mac: hmac-sha2-256, hmac-sha2-512, hmac-sha1
DEB [20240423-08:38:45.287] thr=1   paramiko.transport: server mac: hmac-sha2-256, hmac-sha2-512, hmac-sha1
DEB [20240423-08:38:45.287] thr=1   paramiko.transport: client compress: none, zlib@openssh.com
DEB [20240423-08:38:45.288] thr=1   paramiko.transport: server compress: none, zlib@openssh.com
DEB [20240423-08:38:45.288] thr=1   paramiko.transport: client lang: <none>
DEB [20240423-08:38:45.288] thr=1   paramiko.transport: server lang: <none>
DEB [20240423-08:38:45.288] thr=1   paramiko.transport: kex follows: False
DEB [20240423-08:38:45.288] thr=1   paramiko.transport: === Key exchange agreements ===
DEB [20240423-08:38:45.288] thr=1   paramiko.transport: Kex: curve25519-sha256@libssh.org
DEB [20240423-08:38:45.288] thr=1   paramiko.transport: HostKey: ecdsa-sha2-nistp256
DEB [20240423-08:38:45.288] thr=1   paramiko.transport: Cipher: aes128-ctr
DEB [20240423-08:38:45.288] thr=1   paramiko.transport: MAC: hmac-sha2-256
DEB [20240423-08:38:45.288] thr=1   paramiko.transport: Compression: none
DEB [20240423-08:38:45.288] thr=1   paramiko.transport: === End of kex handshake ===
DEB [20240423-08:38:45.380] thr=1   paramiko.transport: kex engine KexCurve25519 specified hash_algo <built-in function openssl_sha256>
DEB [20240423-08:38:45.380] thr=1   paramiko.transport: Switch to new keys ...
DEB [20240423-08:38:45.381] thr=1   paramiko.transport: Got EXT_INFO: {'server-sig-algs': b'ssh-ed25519,ssh-rsa,rsa-sha2-256,rsa-sha2-512,ssh-dss,ecdsa-sha2-nistp256,ecdsa-sha2-nistp384,ecdsa-sha2-nistp521'}
DEB [20240423-08:38:45.381] thr=2   paramiko.transport: Adding ecdsa-sha2-nistp256 host key for 10.91.77.131: b'a0774047b66e847b660c70bdf5755159'
DEB [20240423-08:38:45.384] thr=1   paramiko.transport: userauth is OK
INF [20240423-08:38:45.412] thr=1   paramiko.transport: Auth banner: b'...                                        .yy-   `..`                          \nsho                                        .hh-   -yy/                          \nsho         .-----.    `-.`----.     `.-----hh-  .-::.    `.----.`              \nsho        `+yyyyyys.  :yyyysyyyo.  .syyssyyhh- `+yyy/  .oyyyyyys.              \nsho         ```...yho  :hy/```-sh+  ohy.```/hh-  `.sh/  /hy-...``               \nsho        .+ossssyho  :hy.   `oh+  ohs    -hh-   `sh/  .oyyssso/.              \nsho       .yh+::-:yho  :hy.   `oh+  ohs    -hh-   `sh/    `.--:ohs`     ``      \n+hy/::::. -yh/--:+yho  :hy.   `oh+  /hy/-:/shh-   `sh/  `:::::/oho`    `/+`     \n`/oooooo:  :ossss++s+  -oo.    +s/  `:ossss+oo.   `+o:  `ooooooo:`     `/+.     \n             ````  `    `       `      ```` ``      `     ````    `````.++-`````\n                               :+-   `-//+++/`                    //////+o//////\n                               oh/  .sysoooo+`                     `````/+.`````\n                               oh/  +hy`        +o:    .o+.`/o:/oo`    `/+.     \n                               oh/  +hy  .::::- /yy.   oh+ `shyo//`    `//`     \n                               oh/  +hy  :ooyho``oho` .hy. `sh+`        ``      \n                               oh/  +hy    `+ho` .yh:`oh+  `sh+                 \n                               oh/  /hy-```.oho`  :hy+yy.  `sh+                 \n                               oh/  `oyyssssys:   `oyhh/   `sy+                 \n                               oh/    `--::-.`     `+hy`    --.                 \n                               oh/              `-:+yy:                         \n                               oh/              `+so+-                          \n                               oh/                                              \n'
INF [20240423-08:38:45.412] thr=1   paramiko.transport: Authentication (password) successful!
DEB [20240423-08:38:45.413] thr=2   paramiko.transport: [chan 0] Max packet in: 32768 bytes
DEB [20240423-08:38:45.425] thr=1   paramiko.transport: Received global request "hostkeys-00@openssh.com"
DEB [20240423-08:38:45.425] thr=1   paramiko.transport: Rejecting "hostkeys-00@openssh.com" global request from server.
DEB [20240423-08:38:45.480] thr=1   paramiko.transport: [chan 0] Max packet out: 32768 bytes
DEB [20240423-08:38:45.481] thr=1   paramiko.transport: Secsh channel 0 opened.
DEB [20240423-08:38:45.485] thr=1   paramiko.transport: [chan 0] Sesch channel 0 request ok
DEB [20240423-08:38:45.504] thr=1   paramiko.transport: [chan 0] EOF received (0)
DEB [20240423-08:38:45.506] thr=1   paramiko.transport: [chan 0] EOF sent (0)
DEB [20240423-08:38:45.507] thr=1   paramiko.transport: EOF in transport thread
DEB [20240423-08:43:25.524] thr=1   paramiko.transport: starting thread (client mode): 0xced7cb30
DEB [20240423-08:43:25.524] thr=1   paramiko.transport: Local version/idstring: SSH-2.0-paramiko_3.4.0
DEB [20240423-08:43:25.610] thr=1   paramiko.transport: Remote version/idstring: SSH-2.0-OpenSSH_7.6
INF [20240423-08:43:25.611] thr=1   paramiko.transport: Connected (version 2.0, client OpenSSH_7.6)
DEB [20240423-08:43:25.621] thr=1   paramiko.transport: === Key exchange possibilities ===
DEB [20240423-08:43:25.622] thr=1   paramiko.transport: kex algos: curve25519-sha256, curve25519-sha256@libssh.org, ecdh-sha2-nistp256, ecdh-sha2-nistp384, ecdh-sha2-nistp521, diffie-hellman-group-exchange-sha256, diffie-hellman-group16-sha512, diffie-hellman-group18-sha512, diffie-hellman-group14-sha256, diffie-hellman-group14-sha1
DEB [20240423-08:43:25.622] thr=1   paramiko.transport: server key: ssh-rsa, rsa-sha2-512, rsa-sha2-256, ecdsa-sha2-nistp256
DEB [20240423-08:43:25.623] thr=1   paramiko.transport: client encrypt: aes128-ctr, aes192-ctr, aes256-ctr
DEB [20240423-08:43:25.623] thr=1   paramiko.transport: server encrypt: aes128-ctr, aes192-ctr, aes256-ctr
DEB [20240423-08:43:25.623] thr=1   paramiko.transport: client mac: hmac-sha2-256, hmac-sha2-512, hmac-sha1
DEB [20240423-08:43:25.624] thr=1   paramiko.transport: server mac: hmac-sha2-256, hmac-sha2-512, hmac-sha1
DEB [20240423-08:43:25.624] thr=1   paramiko.transport: client compress: none, zlib@openssh.com
DEB [20240423-08:43:25.624] thr=1   paramiko.transport: server compress: none, zlib@openssh.com
DEB [20240423-08:43:25.625] thr=1   paramiko.transport: client lang: <none>
DEB [20240423-08:43:25.625] thr=1   paramiko.transport: server lang: <none>
DEB [20240423-08:43:25.625] thr=1   paramiko.transport: kex follows: False
DEB [20240423-08:43:25.625] thr=1   paramiko.transport: === Key exchange agreements ===
DEB [20240423-08:43:25.626] thr=1   paramiko.transport: Kex: curve25519-sha256@libssh.org
DEB [20240423-08:43:25.626] thr=1   paramiko.transport: HostKey: ecdsa-sha2-nistp256
DEB [20240423-08:43:25.627] thr=1   paramiko.transport: Cipher: aes128-ctr
DEB [20240423-08:43:25.627] thr=1   paramiko.transport: MAC: hmac-sha2-256
DEB [20240423-08:43:25.627] thr=1   paramiko.transport: Compression: none
DEB [20240423-08:43:25.628] thr=1   paramiko.transport: === End of kex handshake ===
DEB [20240423-08:43:25.724] thr=1   paramiko.transport: kex engine KexCurve25519 specified hash_algo <built-in function openssl_sha256>
DEB [20240423-08:43:25.726] thr=1   paramiko.transport: Switch to new keys ...
DEB [20240423-08:43:25.727] thr=1   paramiko.transport: Got EXT_INFO: {'server-sig-algs': b'ssh-ed25519,ssh-rsa,rsa-sha2-256,rsa-sha2-512,ssh-dss,ecdsa-sha2-nistp256,ecdsa-sha2-nistp384,ecdsa-sha2-nistp521'}
DEB [20240423-08:43:25.728] thr=2   paramiko.transport: Adding ecdsa-sha2-nistp256 host key for 10.91.77.131: b'a0774047b66e847b660c70bdf5755159'
DEB [20240423-08:43:25.731] thr=1   paramiko.transport: userauth is OK
INF [20240423-08:43:25.761] thr=1   paramiko.transport: Auth banner: b'...                                        .yy-   `..`                          \nsho                                        .hh-   -yy/                          \nsho         .-----.    `-.`----.     `.-----hh-  .-::.    `.----.`              \nsho        `+yyyyyys.  :yyyysyyyo.  .syyssyyhh- `+yyy/  .oyyyyyys.              \nsho         ```...yho  :hy/```-sh+  ohy.```/hh-  `.sh/  /hy-...``               \nsho        .+ossssyho  :hy.   `oh+  ohs    -hh-   `sh/  .oyyssso/.              \nsho       .yh+::-:yho  :hy.   `oh+  ohs    -hh-   `sh/    `.--:ohs`     ``      \n+hy/::::. -yh/--:+yho  :hy.   `oh+  /hy/-:/shh-   `sh/  `:::::/oho`    `/+`     \n`/oooooo:  :ossss++s+  -oo.    +s/  `:ossss+oo.   `+o:  `ooooooo:`     `/+.     \n             ````  `    `       `      ```` ``      `     ````    `````.++-`````\n                               :+-   `-//+++/`                    //////+o//////\n                               oh/  .sysoooo+`                     `````/+.`````\n                               oh/  +hy`        +o:    .o+.`/o:/oo`    `/+.     \n                               oh/  +hy  .::::- /yy.   oh+ `shyo//`    `//`     \n                               oh/  +hy  :ooyho``oho` .hy. `sh+`        ``      \n                               oh/  +hy    `+ho` .yh:`oh+  `sh+                 \n                               oh/  /hy-```.oho`  :hy+yy.  `sh+                 \n                               oh/  `oyyssssys:   `oyhh/   `sy+                 \n                               oh/    `--::-.`     `+hy`    --.                 \n                               oh/              `-:+yy:                         \n                               oh/              `+so+-                          \n                               oh/                                              \n'
INF [20240423-08:43:25.762] thr=1   paramiko.transport: Authentication (password) successful!
DEB [20240423-08:43:25.766] thr=2   paramiko.transport: [chan 0] Max packet in: 32768 bytes
DEB [20240423-08:43:25.775] thr=1   paramiko.transport: Received global request "hostkeys-00@openssh.com"
DEB [20240423-08:43:25.776] thr=1   paramiko.transport: Rejecting "hostkeys-00@openssh.com" global request from server.
DEB [20240423-08:43:25.818] thr=1   paramiko.transport: [chan 0] Max packet out: 32768 bytes
DEB [20240423-08:43:25.819] thr=1   paramiko.transport: Secsh channel 0 opened.
DEB [20240423-08:43:25.825] thr=1   paramiko.transport: [chan 0] Sesch channel 0 request ok
DEB [20240423-08:43:25.843] thr=1   paramiko.transport: [chan 0] EOF received (0)
DEB [20240423-08:43:25.844] thr=2   paramiko.transport: [chan 1] Max packet in: 32768 bytes
DEB [20240423-08:43:25.846] thr=1   paramiko.transport: [chan 0] EOF sent (0)
DEB [20240423-08:43:25.847] thr=1   paramiko.transport: [chan 1] Max packet out: 32768 bytes
DEB [20240423-08:43:25.848] thr=1   paramiko.transport: Secsh channel 1 opened.
DEB [20240423-08:43:25.893] thr=1   paramiko.transport: [chan 1] Sesch channel 1 request ok
DEB [20240516-17:17:46.483] thr=1   paramiko.transport: starting thread (client mode): 0xe3bcad0
DEB [20240516-17:17:46.487] thr=1   paramiko.transport: Local version/idstring: SSH-2.0-paramiko_3.4.0
DEB [20240516-17:17:46.829] thr=1   paramiko.transport: Remote version/idstring: SSH-2.0-OpenSSH_7.6
INF [20240516-17:17:46.830] thr=1   paramiko.transport: Connected (version 2.0, client OpenSSH_7.6)
DEB [20240516-17:17:46.864] thr=1   paramiko.transport: === Key exchange possibilities ===
DEB [20240516-17:17:46.864] thr=1   paramiko.transport: kex algos: curve25519-sha256, curve25519-sha256@libssh.org, ecdh-sha2-nistp256, ecdh-sha2-nistp384, ecdh-sha2-nistp521, diffie-hellman-group-exchange-sha256, diffie-hellman-group16-sha512, diffie-hellman-group18-sha512, diffie-hellman-group14-sha256, diffie-hellman-group14-sha1
DEB [20240516-17:17:46.865] thr=1   paramiko.transport: server key: ssh-rsa, rsa-sha2-512, rsa-sha2-256, ecdsa-sha2-nistp256
DEB [20240516-17:17:46.865] thr=1   paramiko.transport: client encrypt: aes128-ctr, aes192-ctr, aes256-ctr
DEB [20240516-17:17:46.865] thr=1   paramiko.transport: server encrypt: aes128-ctr, aes192-ctr, aes256-ctr
DEB [20240516-17:17:46.865] thr=1   paramiko.transport: client mac: hmac-sha2-256, hmac-sha2-512, hmac-sha1
DEB [20240516-17:17:46.865] thr=1   paramiko.transport: server mac: hmac-sha2-256, hmac-sha2-512, hmac-sha1
DEB [20240516-17:17:46.865] thr=1   paramiko.transport: client compress: none, zlib@openssh.com
DEB [20240516-17:17:46.865] thr=1   paramiko.transport: server compress: none, zlib@openssh.com
DEB [20240516-17:17:46.865] thr=1   paramiko.transport: client lang: <none>
DEB [20240516-17:17:46.865] thr=1   paramiko.transport: server lang: <none>
DEB [20240516-17:17:46.865] thr=1   paramiko.transport: kex follows: False
DEB [20240516-17:17:46.865] thr=1   paramiko.transport: === Key exchange agreements ===
DEB [20240516-17:17:46.865] thr=1   paramiko.transport: Kex: curve25519-sha256@libssh.org
DEB [20240516-17:17:46.865] thr=1   paramiko.transport: HostKey: ecdsa-sha2-nistp256
DEB [20240516-17:17:46.866] thr=1   paramiko.transport: Cipher: aes128-ctr
DEB [20240516-17:17:46.866] thr=1   paramiko.transport: MAC: hmac-sha2-256
DEB [20240516-17:17:46.866] thr=1   paramiko.transport: Compression: none
DEB [20240516-17:17:46.866] thr=1   paramiko.transport: === End of kex handshake ===
DEB [20240516-17:17:47.171] thr=1   paramiko.transport: kex engine KexCurve25519 specified hash_algo <built-in function openssl_sha256>
DEB [20240516-17:17:47.171] thr=1   paramiko.transport: Switch to new keys ...
DEB [20240516-17:17:47.172] thr=2   paramiko.transport: Adding ecdsa-sha2-nistp256 host key for 10.91.77.131: b'a0774047b66e847b660c70bdf5755159'
DEB [20240516-17:17:47.172] thr=1   paramiko.transport: Got EXT_INFO: {'server-sig-algs': b'ssh-ed25519,ssh-rsa,rsa-sha2-256,rsa-sha2-512,ssh-dss,ecdsa-sha2-nistp256,ecdsa-sha2-nistp384,ecdsa-sha2-nistp521'}
DEB [20240516-17:17:47.180] thr=1   paramiko.transport: userauth is OK
INF [20240516-17:17:47.258] thr=1   paramiko.transport: Auth banner: b'...                                        .yy-   `..`                          \nsho                                        .hh-   -yy/                          \nsho         .-----.    `-.`----.     `.-----hh-  .-::.    `.----.`              \nsho        `+yyyyyys.  :yyyysyyyo.  .syyssyyhh- `+yyy/  .oyyyyyys.              \nsho         ```...yho  :hy/```-sh+  ohy.```/hh-  `.sh/  /hy-...``               \nsho        .+ossssyho  :hy.   `oh+  ohs    -hh-   `sh/  .oyyssso/.              \nsho       .yh+::-:yho  :hy.   `oh+  ohs    -hh-   `sh/    `.--:ohs`     ``      \n+hy/::::. -yh/--:+yho  :hy.   `oh+  /hy/-:/shh-   `sh/  `:::::/oho`    `/+`     \n`/oooooo:  :ossss++s+  -oo.    +s/  `:ossss+oo.   `+o:  `ooooooo:`     `/+.     \n             ````  `    `       `      ```` ``      `     ````    `````.++-`````\n                               :+-   `-//+++/`                    //////+o//////\n                               oh/  .sysoooo+`                     `````/+.`````\n                               oh/  +hy`        +o:    .o+.`/o:/oo`    `/+.     \n                               oh/  +hy  .::::- /yy.   oh+ `shyo//`    `//`     \n                               oh/  +hy  :ooyho``oho` .hy. `sh+`        ``      \n                               oh/  +hy    `+ho` .yh:`oh+  `sh+                 \n                               oh/  /hy-```.oho`  :hy+yy.  `sh+                 \n                               oh/  `oyyssssys:   `oyhh/   `sy+                 \n                               oh/    `--::-.`     `+hy`    --.                 \n                               oh/              `-:+yy:                         \n                               oh/              `+so+-                          \n                               oh/                                              \n'
INF [20240516-17:17:47.259] thr=1   paramiko.transport: Authentication (password) successful!
DEB [20240516-17:17:47.263] thr=2   paramiko.transport: [chan 0] Max packet in: 32768 bytes
DEB [20240516-17:17:47.293] thr=1   paramiko.transport: Received global request "hostkeys-00@openssh.com"
DEB [20240516-17:17:47.293] thr=1   paramiko.transport: Rejecting "hostkeys-00@openssh.com" global request from server.
DEB [20240516-17:17:47.350] thr=1   paramiko.transport: [chan 0] Max packet out: 32768 bytes
DEB [20240516-17:17:47.350] thr=1   paramiko.transport: Secsh channel 0 opened.
DEB [20240516-17:17:47.361] thr=1   paramiko.transport: [chan 0] Sesch channel 0 request ok
ERR [20240517-09:22:21.078] thr=1   paramiko.transport: Socket exception: An existing connection was forcibly closed by the remote host (10054)
DEB [20240517-09:22:21.099] thr=2   paramiko.transport: [chan 0] EOF sent (0)
DEB [20240517-09:22:21.099] thr=2   paramiko.transport: Dropping user packet because connection is dead.
