DEB [20240408-19:49:17.952] thr=1   paramiko.transport: starting thread (client mode): 0xcf7f5040
DEB [20240408-19:49:17.953] thr=1   paramiko.transport: Local version/idstring: SSH-2.0-paramiko_3.4.0
DEB [20240408-19:49:18.361] thr=1   paramiko.transport: Remote version/idstring: SSH-2.0-OpenSSH_7.6
INF [20240408-19:49:18.361] thr=1   paramiko.transport: Connected (version 2.0, client OpenSSH_7.6)
DEB [20240408-19:49:18.692] thr=1   paramiko.transport: === Key exchange possibilities ===
DEB [20240408-19:49:18.692] thr=1   paramiko.transport: kex algos: curve25519-sha256, curve25519-sha256@libssh.org, ecdh-sha2-nistp256, ecdh-sha2-nistp384, ecdh-sha2-nistp521, diffie-hellman-group-exchange-sha256, diffie-hellman-group16-sha512, diffie-hellman-group18-sha512, diffie-hellman-group14-sha256, diffie-hellman-group14-sha1
DEB [20240408-19:49:18.692] thr=1   paramiko.transport: server key: ssh-rsa, rsa-sha2-512, rsa-sha2-256, ecdsa-sha2-nistp256
DEB [20240408-19:49:18.692] thr=1   paramiko.transport: client encrypt: aes128-ctr, aes192-ctr, aes256-ctr
DEB [20240408-19:49:18.692] thr=1   paramiko.transport: server encrypt: aes128-ctr, aes192-ctr, aes256-ctr
DEB [20240408-19:49:18.692] thr=1   paramiko.transport: client mac: hmac-sha2-256, hmac-sha2-512, hmac-sha1
DEB [20240408-19:49:18.693] thr=1   paramiko.transport: server mac: hmac-sha2-256, hmac-sha2-512, hmac-sha1
DEB [20240408-19:49:18.693] thr=1   paramiko.transport: client compress: none, zlib@openssh.com
DEB [20240408-19:49:18.693] thr=1   paramiko.transport: server compress: none, zlib@openssh.com
DEB [20240408-19:49:18.693] thr=1   paramiko.transport: client lang: <none>
DEB [20240408-19:49:18.693] thr=1   paramiko.transport: server lang: <none>
DEB [20240408-19:49:18.693] thr=1   paramiko.transport: kex follows: False
DEB [20240408-19:49:18.693] thr=1   paramiko.transport: === Key exchange agreements ===
DEB [20240408-19:49:18.693] thr=1   paramiko.transport: Kex: curve25519-sha256@libssh.org
DEB [20240408-19:49:18.693] thr=1   paramiko.transport: HostKey: ecdsa-sha2-nistp256
DEB [20240408-19:49:18.693] thr=1   paramiko.transport: Cipher: aes128-ctr
DEB [20240408-19:49:18.693] thr=1   paramiko.transport: MAC: hmac-sha2-256
DEB [20240408-19:49:18.693] thr=1   paramiko.transport: Compression: none
DEB [20240408-19:49:18.693] thr=1   paramiko.transport: === End of kex handshake ===
DEB [20240408-19:49:19.109] thr=1   paramiko.transport: kex engine KexCurve25519 specified hash_algo <built-in function openssl_sha256>
DEB [20240408-19:49:19.110] thr=1   paramiko.transport: Switch to new keys ...
DEB [20240408-19:49:19.110] thr=2   paramiko.transport: Adding ecdsa-sha2-nistp256 host key for 10.91.77.131: b'a0774047b66e847b660c70bdf5755159'
DEB [20240408-19:49:19.110] thr=1   paramiko.transport: Got EXT_INFO: {'server-sig-algs': b'ssh-ed25519,ssh-rsa,rsa-sha2-256,rsa-sha2-512,ssh-dss,ecdsa-sha2-nistp256,ecdsa-sha2-nistp384,ecdsa-sha2-nistp521'}
DEB [20240408-19:49:19.773] thr=1   paramiko.transport: userauth is OK
INF [20240408-19:49:20.126] thr=1   paramiko.transport: Auth banner: b'...                                        .yy-   `..`                          \nsho                                        .hh-   -yy/                          \nsho         .-----.    `-.`----.     `.-----hh-  .-::.    `.----.`              \nsho        `+yyyyyys.  :yyyysyyyo.  .syyssyyhh- `+yyy/  .oyyyyyys.              \nsho         ```...yho  :hy/```-sh+  ohy.```/hh-  `.sh/  /hy-...``               \nsho        .+ossssyho  :hy.   `oh+  ohs    -hh-   `sh/  .oyyssso/.              \nsho       .yh+::-:yho  :hy.   `oh+  ohs    -hh-   `sh/    `.--:ohs`     ``      \n+hy/::::. -yh/--:+yho  :hy.   `oh+  /hy/-:/shh-   `sh/  `:::::/oho`    `/+`     \n`/oooooo:  :ossss++s+  -oo.    +s/  `:ossss+oo.   `+o:  `ooooooo:`     `/+.     \n             ````  `    `       `      ```` ``      `     ````    `````.++-`````\n                               :+-   `-//+++/`                    //////+o//////\n                               oh/  .sysoooo+`                     `````/+.`````\n                               oh/  +hy`        +o:    .o+.`/o:/oo`    `/+.     \n                               oh/  +hy  .::::- /yy.   oh+ `shyo//`    `//`     \n                               oh/  +hy  :ooyho``oho` .hy. `sh+`        ``      \n                               oh/  +hy    `+ho` .yh:`oh+  `sh+                 \n                               oh/  /hy-```.oho`  :hy+yy.  `sh+                 \n                               oh/  `oyyssssys:   `oyhh/   `sy+                 \n                               oh/    `--::-.`     `+hy`    --.                 \n                               oh/              `-:+yy:                         \n                               oh/              `+so+-                          \n                               oh/                                              \n'
INF [20240408-19:49:20.126] thr=1   paramiko.transport: Authentication (password) successful!
DEB [20240408-19:49:20.127] thr=2   paramiko.transport: [chan 0] Max packet in: 32768 bytes
DEB [20240408-19:49:20.453] thr=1   paramiko.transport: Received global request "hostkeys-00@openssh.com"
DEB [20240408-19:49:20.454] thr=1   paramiko.transport: Rejecting "hostkeys-00@openssh.com" global request from server.
DEB [20240408-19:49:20.834] thr=1   paramiko.transport: [chan 0] Max packet out: 32768 bytes
DEB [20240408-19:49:20.835] thr=1   paramiko.transport: Secsh channel 0 opened.
DEB [20240408-19:49:21.167] thr=1   paramiko.transport: [chan 0] Sesch channel 0 request ok
DEB [20240408-19:49:21.212] thr=1   paramiko.transport: [chan 0] EOF received (0)
DEB [20240408-19:49:21.213] thr=1   paramiko.transport: [chan 0] EOF sent (0)
DEB [20240408-19:49:21.215] thr=1   paramiko.transport: EOF in transport thread
DEB [20240413-09:54:38.561] thr=1   paramiko.transport: starting thread (client mode): 0x3a2d7e00
DEB [20240413-09:54:38.563] thr=1   paramiko.transport: Local version/idstring: SSH-2.0-paramiko_3.4.0
DEB [20240413-09:54:39.035] thr=1   paramiko.transport: Remote version/idstring: SSH-2.0-OpenSSH_7.6
INF [20240413-09:54:39.036] thr=1   paramiko.transport: Connected (version 2.0, client OpenSSH_7.6)
DEB [20240413-09:54:39.356] thr=1   paramiko.transport: === Key exchange possibilities ===
DEB [20240413-09:54:39.357] thr=1   paramiko.transport: kex algos: curve25519-sha256, curve25519-sha256@libssh.org, ecdh-sha2-nistp256, ecdh-sha2-nistp384, ecdh-sha2-nistp521, diffie-hellman-group-exchange-sha256, diffie-hellman-group16-sha512, diffie-hellman-group18-sha512, diffie-hellman-group14-sha256, diffie-hellman-group14-sha1
DEB [20240413-09:54:39.357] thr=1   paramiko.transport: server key: ssh-rsa, rsa-sha2-512, rsa-sha2-256, ecdsa-sha2-nistp256
DEB [20240413-09:54:39.357] thr=1   paramiko.transport: client encrypt: aes128-ctr, aes192-ctr, aes256-ctr
DEB [20240413-09:54:39.357] thr=1   paramiko.transport: server encrypt: aes128-ctr, aes192-ctr, aes256-ctr
DEB [20240413-09:54:39.357] thr=1   paramiko.transport: client mac: hmac-sha2-256, hmac-sha2-512, hmac-sha1
DEB [20240413-09:54:39.358] thr=1   paramiko.transport: server mac: hmac-sha2-256, hmac-sha2-512, hmac-sha1
DEB [20240413-09:54:39.358] thr=1   paramiko.transport: client compress: none, zlib@openssh.com
DEB [20240413-09:54:39.358] thr=1   paramiko.transport: server compress: none, zlib@openssh.com
DEB [20240413-09:54:39.358] thr=1   paramiko.transport: client lang: <none>
DEB [20240413-09:54:39.358] thr=1   paramiko.transport: server lang: <none>
DEB [20240413-09:54:39.359] thr=1   paramiko.transport: kex follows: False
DEB [20240413-09:54:39.359] thr=1   paramiko.transport: === Key exchange agreements ===
DEB [20240413-09:54:39.359] thr=1   paramiko.transport: Kex: curve25519-sha256@libssh.org
DEB [20240413-09:54:39.359] thr=1   paramiko.transport: HostKey: ecdsa-sha2-nistp256
DEB [20240413-09:54:39.360] thr=1   paramiko.transport: Cipher: aes128-ctr
DEB [20240413-09:54:39.360] thr=1   paramiko.transport: MAC: hmac-sha2-256
DEB [20240413-09:54:39.360] thr=1   paramiko.transport: Compression: none
DEB [20240413-09:54:39.360] thr=1   paramiko.transport: === End of kex handshake ===
DEB [20240413-09:54:39.809] thr=1   paramiko.transport: kex engine KexCurve25519 specified hash_algo <built-in function openssl_sha256>
DEB [20240413-09:54:39.810] thr=1   paramiko.transport: Switch to new keys ...
DEB [20240413-09:54:39.812] thr=1   paramiko.transport: Got EXT_INFO: {'server-sig-algs': b'ssh-ed25519,ssh-rsa,rsa-sha2-256,rsa-sha2-512,ssh-dss,ecdsa-sha2-nistp256,ecdsa-sha2-nistp384,ecdsa-sha2-nistp521'}
DEB [20240413-09:54:39.813] thr=2   paramiko.transport: Adding ecdsa-sha2-nistp256 host key for 10.91.77.123: b'6542750d43a62b4e687ea426f1d1230e'
DEB [20240413-09:54:40.446] thr=1   paramiko.transport: userauth is OK
INF [20240413-09:54:40.818] thr=1   paramiko.transport: Auth banner: b'...                                        .yy-   `..`                          \nsho                                        .hh-   -yy/                          \nsho         .-----.    `-.`----.     `.-----hh-  .-::.    `.----.`              \nsho        `+yyyyyys.  :yyyysyyyo.  .syyssyyhh- `+yyy/  .oyyyyyys.              \nsho         ```...yho  :hy/```-sh+  ohy.```/hh-  `.sh/  /hy-...``               \nsho        .+ossssyho  :hy.   `oh+  ohs    -hh-   `sh/  .oyyssso/.              \nsho       .yh+::-:yho  :hy.   `oh+  ohs    -hh-   `sh/    `.--:ohs`     ``      \n+hy/::::. -yh/--:+yho  :hy.   `oh+  /hy/-:/shh-   `sh/  `:::::/oho`    `/+`     \n`/oooooo:  :ossss++s+  -oo.    +s/  `:ossss+oo.   `+o:  `ooooooo:`     `/+.     \n             ````  `    `       `      ```` ``      `     ````    `````.++-`````\n                               :+-   `-//+++/`                    //////+o//////\n                               oh/  .sysoooo+`                     `````/+.`````\n                               oh/  +hy`        +o:    .o+.`/o:/oo`    `/+.     \n                               oh/  +hy  .::::- /yy.   oh+ `shyo//`    `//`     \n                               oh/  +hy  :ooyho``oho` .hy. `sh+`        ``      \n                               oh/  +hy    `+ho` .yh:`oh+  `sh+                 \n                               oh/  /hy-```.oho`  :hy+yy.  `sh+                 \n                               oh/  `oyyssssys:   `oyhh/   `sy+                 \n                               oh/    `--::-.`     `+hy`    --.                 \n                               oh/              `-:+yy:                         \n                               oh/              `+so+-                          \n                               oh/                                              \n'
INF [20240413-09:54:40.818] thr=1   paramiko.transport: Authentication (password) successful!
DEB [20240413-09:54:40.819] thr=2   paramiko.transport: [chan 0] Max packet in: 32768 bytes
DEB [20240413-09:54:41.136] thr=1   paramiko.transport: Received global request "hostkeys-00@openssh.com"
DEB [20240413-09:54:41.136] thr=1   paramiko.transport: Rejecting "hostkeys-00@openssh.com" global request from server.
DEB [20240413-09:54:41.497] thr=1   paramiko.transport: [chan 0] Max packet out: 32768 bytes
DEB [20240413-09:54:41.497] thr=1   paramiko.transport: Secsh channel 0 opened.
DEB [20240413-09:54:41.822] thr=1   paramiko.transport: [chan 0] Sesch channel 0 request ok
DEB [20240413-09:54:42.028] thr=1   paramiko.transport: [chan 0] EOF received (0)
DEB [20240413-09:54:42.028] thr=1   paramiko.transport: [chan 0] EOF sent (0)
DEB [20240413-09:54:42.029] thr=1   paramiko.transport: EOF in transport thread
