DEB [20240422-16:45:17.936] thr=1   paramiko.transport: starting thread (client mode): 0xe81d8bc0
DEB [20240422-16:45:17.937] thr=1   paramiko.transport: Local version/idstring: SSH-2.0-paramiko_3.4.0
DEB [20240422-16:45:18.019] thr=1   paramiko.transport: Remote version/idstring: SSH-2.0-OpenSSH_7.6
INF [20240422-16:45:18.020] thr=1   paramiko.transport: Connected (version 2.0, client OpenSSH_7.6)
DEB [20240422-16:45:18.031] thr=1   paramiko.transport: === Key exchange possibilities ===
DEB [20240422-16:45:18.031] thr=1   paramiko.transport: kex algos: curve25519-sha256, curve25519-sha256@libssh.org, ecdh-sha2-nistp256, ecdh-sha2-nistp384, ecdh-sha2-nistp521, diffie-hellman-group-exchange-sha256, diffie-hellman-group16-sha512, diffie-hellman-group18-sha512, diffie-hellman-group14-sha256, diffie-hellman-group14-sha1
DEB [20240422-16:45:18.041] thr=1   paramiko.transport: server key: ssh-rsa, rsa-sha2-512, rsa-sha2-256, ecdsa-sha2-nistp256
DEB [20240422-16:45:18.042] thr=1   paramiko.transport: client encrypt: aes128-ctr, aes192-ctr, aes256-ctr
DEB [20240422-16:45:18.042] thr=1   paramiko.transport: server encrypt: aes128-ctr, aes192-ctr, aes256-ctr
DEB [20240422-16:45:18.042] thr=1   paramiko.transport: client mac: hmac-sha2-256, hmac-sha2-512, hmac-sha1
DEB [20240422-16:45:18.042] thr=1   paramiko.transport: server mac: hmac-sha2-256, hmac-sha2-512, hmac-sha1
DEB [20240422-16:45:18.043] thr=1   paramiko.transport: client compress: none, zlib@openssh.com
DEB [20240422-16:45:18.043] thr=1   paramiko.transport: server compress: none, zlib@openssh.com
DEB [20240422-16:45:18.043] thr=1   paramiko.transport: client lang: <none>
DEB [20240422-16:45:18.044] thr=1   paramiko.transport: server lang: <none>
DEB [20240422-16:45:18.044] thr=1   paramiko.transport: kex follows: False
DEB [20240422-16:45:18.044] thr=1   paramiko.transport: === Key exchange agreements ===
DEB [20240422-16:45:18.045] thr=1   paramiko.transport: Kex: curve25519-sha256@libssh.org
DEB [20240422-16:45:18.045] thr=1   paramiko.transport: HostKey: ecdsa-sha2-nistp256
DEB [20240422-16:45:18.045] thr=1   paramiko.transport: Cipher: aes128-ctr
DEB [20240422-16:45:18.045] thr=1   paramiko.transport: MAC: hmac-sha2-256
DEB [20240422-16:45:18.046] thr=1   paramiko.transport: Compression: none
DEB [20240422-16:45:18.046] thr=1   paramiko.transport: === End of kex handshake ===
DEB [20240422-16:45:18.146] thr=1   paramiko.transport: kex engine KexCurve25519 specified hash_algo <built-in function openssl_sha256>
DEB [20240422-16:45:18.147] thr=1   paramiko.transport: Switch to new keys ...
DEB [20240422-16:45:18.149] thr=2   paramiko.transport: Adding ecdsa-sha2-nistp256 host key for 10.91.77.131: b'a0774047b66e847b660c70bdf5755159'
DEB [20240422-16:45:18.150] thr=1   paramiko.transport: Got EXT_INFO: {'server-sig-algs': b'ssh-ed25519,ssh-rsa,rsa-sha2-256,rsa-sha2-512,ssh-dss,ecdsa-sha2-nistp256,ecdsa-sha2-nistp384,ecdsa-sha2-nistp521'}
DEB [20240422-16:45:18.152] thr=1   paramiko.transport: userauth is OK
INF [20240422-16:45:18.183] thr=1   paramiko.transport: Auth banner: b'...                                        .yy-   `..`                          \nsho                                        .hh-   -yy/                          \nsho         .-----.    `-.`----.     `.-----hh-  .-::.    `.----.`              \nsho        `+yyyyyys.  :yyyysyyyo.  .syyssyyhh- `+yyy/  .oyyyyyys.              \nsho         ```...yho  :hy/```-sh+  ohy.```/hh-  `.sh/  /hy-...``               \nsho        .+ossssyho  :hy.   `oh+  ohs    -hh-   `sh/  .oyyssso/.              \nsho       .yh+::-:yho  :hy.   `oh+  ohs    -hh-   `sh/    `.--:ohs`     ``      \n+hy/::::. -yh/--:+yho  :hy.   `oh+  /hy/-:/shh-   `sh/  `:::::/oho`    `/+`     \n`/oooooo:  :ossss++s+  -oo.    +s/  `:ossss+oo.   `+o:  `ooooooo:`     `/+.     \n             ````  `    `       `      ```` ``      `     ````    `````.++-`````\n                               :+-   `-//+++/`                    //////+o//////\n                               oh/  .sysoooo+`                     `````/+.`````\n                               oh/  +hy`        +o:    .o+.`/o:/oo`    `/+.     \n                               oh/  +hy  .::::- /yy.   oh+ `shyo//`    `//`     \n                               oh/  +hy  :ooyho``oho` .hy. `sh+`        ``      \n                               oh/  +hy    `+ho` .yh:`oh+  `sh+                 \n                               oh/  /hy-```.oho`  :hy+yy.  `sh+                 \n                               oh/  `oyyssssys:   `oyhh/   `sy+                 \n                               oh/    `--::-.`     `+hy`    --.                 \n                               oh/              `-:+yy:                         \n                               oh/              `+so+-                          \n                               oh/                                              \n'
INF [20240422-16:45:18.184] thr=1   paramiko.transport: Authentication (password) successful!
DEB [20240422-16:45:18.188] thr=2   paramiko.transport: [chan 0] Max packet in: 32768 bytes
DEB [20240422-16:45:18.197] thr=1   paramiko.transport: Received global request "hostkeys-00@openssh.com"
DEB [20240422-16:45:18.197] thr=1   paramiko.transport: Rejecting "hostkeys-00@openssh.com" global request from server.
DEB [20240422-16:45:18.252] thr=1   paramiko.transport: [chan 0] Max packet out: 32768 bytes
DEB [20240422-16:45:18.252] thr=1   paramiko.transport: Secsh channel 0 opened.
DEB [20240422-16:45:18.259] thr=1   paramiko.transport: [chan 0] Sesch channel 0 request ok
DEB [20240422-16:45:18.285] thr=1   paramiko.transport: [chan 0] EOF received (0)
DEB [20240422-16:45:18.286] thr=2   paramiko.transport: [chan 1] Max packet in: 32768 bytes
DEB [20240422-16:45:18.287] thr=1   paramiko.transport: [chan 0] EOF sent (0)
DEB [20240422-16:45:18.288] thr=1   paramiko.transport: [chan 1] Max packet out: 32768 bytes
DEB [20240422-16:45:18.288] thr=1   paramiko.transport: Secsh channel 1 opened.
DEB [20240422-16:45:18.338] thr=1   paramiko.transport: [chan 1] Sesch channel 1 request ok
DEB [20240422-16:45:18.380] thr=1   paramiko.transport: [chan 1] EOF received (1)
DEB [20240422-16:45:18.381] thr=1   paramiko.transport: [chan 1] EOF sent (1)
DEB [20240422-16:45:18.384] thr=1   paramiko.transport: EOF in transport thread
DEB [20240422-16:50:42.574] thr=1   paramiko.transport: starting thread (client mode): 0xa9b083b0
DEB [20240422-16:50:42.574] thr=1   paramiko.transport: Local version/idstring: SSH-2.0-paramiko_3.4.0
DEB [20240422-16:50:42.812] thr=1   paramiko.transport: Remote version/idstring: SSH-2.0-OpenSSH_7.6
INF [20240422-16:50:42.812] thr=1   paramiko.transport: Connected (version 2.0, client OpenSSH_7.6)
DEB [20240422-16:50:42.861] thr=1   paramiko.transport: === Key exchange possibilities ===
DEB [20240422-16:50:42.861] thr=1   paramiko.transport: kex algos: curve25519-sha256, curve25519-sha256@libssh.org, ecdh-sha2-nistp256, ecdh-sha2-nistp384, ecdh-sha2-nistp521, diffie-hellman-group-exchange-sha256, diffie-hellman-group16-sha512, diffie-hellman-group18-sha512, diffie-hellman-group14-sha256, diffie-hellman-group14-sha1
DEB [20240422-16:50:42.862] thr=1   paramiko.transport: server key: ssh-rsa, rsa-sha2-512, rsa-sha2-256, ecdsa-sha2-nistp256
DEB [20240422-16:50:42.862] thr=1   paramiko.transport: client encrypt: aes128-ctr, aes192-ctr, aes256-ctr
DEB [20240422-16:50:42.862] thr=1   paramiko.transport: server encrypt: aes128-ctr, aes192-ctr, aes256-ctr
DEB [20240422-16:50:42.863] thr=1   paramiko.transport: client mac: hmac-sha2-256, hmac-sha2-512, hmac-sha1
DEB [20240422-16:50:42.863] thr=1   paramiko.transport: server mac: hmac-sha2-256, hmac-sha2-512, hmac-sha1
DEB [20240422-16:50:42.863] thr=1   paramiko.transport: client compress: none, zlib@openssh.com
DEB [20240422-16:50:42.863] thr=1   paramiko.transport: server compress: none, zlib@openssh.com
DEB [20240422-16:50:42.864] thr=1   paramiko.transport: client lang: <none>
DEB [20240422-16:50:42.864] thr=1   paramiko.transport: server lang: <none>
DEB [20240422-16:50:42.865] thr=1   paramiko.transport: kex follows: False
DEB [20240422-16:50:42.865] thr=1   paramiko.transport: === Key exchange agreements ===
DEB [20240422-16:50:42.865] thr=1   paramiko.transport: Kex: curve25519-sha256@libssh.org
DEB [20240422-16:50:42.865] thr=1   paramiko.transport: HostKey: ecdsa-sha2-nistp256
DEB [20240422-16:50:42.866] thr=1   paramiko.transport: Cipher: aes128-ctr
DEB [20240422-16:50:42.866] thr=1   paramiko.transport: MAC: hmac-sha2-256
DEB [20240422-16:50:42.866] thr=1   paramiko.transport: Compression: none
DEB [20240422-16:50:42.866] thr=1   paramiko.transport: === End of kex handshake ===
DEB [20240422-16:50:43.104] thr=1   paramiko.transport: kex engine KexCurve25519 specified hash_algo <built-in function openssl_sha256>
DEB [20240422-16:50:43.105] thr=1   paramiko.transport: Switch to new keys ...
DEB [20240422-16:50:43.107] thr=1   paramiko.transport: Got EXT_INFO: {'server-sig-algs': b'ssh-ed25519,ssh-rsa,rsa-sha2-256,rsa-sha2-512,ssh-dss,ecdsa-sha2-nistp256,ecdsa-sha2-nistp384,ecdsa-sha2-nistp521'}
DEB [20240422-16:50:43.107] thr=2   paramiko.transport: Adding ecdsa-sha2-nistp256 host key for 10.91.77.131: b'a0774047b66e847b660c70bdf5755159'
DEB [20240422-16:50:43.118] thr=1   paramiko.transport: userauth is OK
INF [20240422-16:50:43.166] thr=1   paramiko.transport: Auth banner: b'...                                        .yy-   `..`                          \nsho                                        .hh-   -yy/                          \nsho         .-----.    `-.`----.     `.-----hh-  .-::.    `.----.`              \nsho        `+yyyyyys.  :yyyysyyyo.  .syyssyyhh- `+yyy/  .oyyyyyys.              \nsho         ```...yho  :hy/```-sh+  ohy.```/hh-  `.sh/  /hy-...``               \nsho        .+ossssyho  :hy.   `oh+  ohs    -hh-   `sh/  .oyyssso/.              \nsho       .yh+::-:yho  :hy.   `oh+  ohs    -hh-   `sh/    `.--:ohs`     ``      \n+hy/::::. -yh/--:+yho  :hy.   `oh+  /hy/-:/shh-   `sh/  `:::::/oho`    `/+`     \n`/oooooo:  :ossss++s+  -oo.    +s/  `:ossss+oo.   `+o:  `ooooooo:`     `/+.     \n             ````  `    `       `      ```` ``      `     ````    `````.++-`````\n                               :+-   `-//+++/`                    //////+o//////\n                               oh/  .sysoooo+`                     `````/+.`````\n                               oh/  +hy`        +o:    .o+.`/o:/oo`    `/+.     \n                               oh/  +hy  .::::- /yy.   oh+ `shyo//`    `//`     \n                               oh/  +hy  :ooyho``oho` .hy. `sh+`        ``      \n                               oh/  +hy    `+ho` .yh:`oh+  `sh+                 \n                               oh/  /hy-```.oho`  :hy+yy.  `sh+                 \n                               oh/  `oyyssssys:   `oyhh/   `sy+                 \n                               oh/    `--::-.`     `+hy`    --.                 \n                               oh/              `-:+yy:                         \n                               oh/              `+so+-                          \n                               oh/                                              \n'
INF [20240422-16:50:43.168] thr=1   paramiko.transport: Authentication (password) successful!
DEB [20240422-16:50:43.172] thr=2   paramiko.transport: [chan 0] Max packet in: 32768 bytes
DEB [20240422-16:50:43.200] thr=1   paramiko.transport: Received global request "hostkeys-00@openssh.com"
DEB [20240422-16:50:43.201] thr=1   paramiko.transport: Rejecting "hostkeys-00@openssh.com" global request from server.
DEB [20240422-16:50:43.244] thr=1   paramiko.transport: [chan 0] Max packet out: 32768 bytes
DEB [20240422-16:50:43.244] thr=1   paramiko.transport: Secsh channel 0 opened.
DEB [20240422-16:50:43.249] thr=1   paramiko.transport: [chan 0] Sesch channel 0 request ok
DEB [20240422-16:50:43.298] thr=1   paramiko.transport: [chan 0] EOF received (0)
DEB [20240422-16:50:43.300] thr=2   paramiko.transport: [chan 1] Max packet in: 32768 bytes
DEB [20240422-16:50:43.300] thr=1   paramiko.transport: [chan 0] EOF sent (0)
DEB [20240422-16:50:43.302] thr=1   paramiko.transport: [chan 1] Max packet out: 32768 bytes
DEB [20240422-16:50:43.302] thr=1   paramiko.transport: Secsh channel 1 opened.
DEB [20240422-16:50:43.351] thr=1   paramiko.transport: [chan 1] Sesch channel 1 request ok
DEB [20240422-16:50:43.474] thr=1   paramiko.transport: [chan 1] EOF received (1)
DEB [20240422-16:50:43.475] thr=1   paramiko.transport: [chan 1] EOF sent (1)
DEB [20240422-16:50:43.479] thr=1   paramiko.transport: EOF in transport thread
DEB [20240422-17:08:34.184] thr=1   paramiko.transport: starting thread (client mode): 0x6d8e83b0
DEB [20240422-17:08:34.185] thr=1   paramiko.transport: Local version/idstring: SSH-2.0-paramiko_3.4.0
DEB [20240422-17:08:34.372] thr=1   paramiko.transport: Remote version/idstring: SSH-2.0-OpenSSH_7.6
INF [20240422-17:08:34.372] thr=1   paramiko.transport: Connected (version 2.0, client OpenSSH_7.6)
DEB [20240422-17:08:34.393] thr=1   paramiko.transport: === Key exchange possibilities ===
DEB [20240422-17:08:34.393] thr=1   paramiko.transport: kex algos: curve25519-sha256, curve25519-sha256@libssh.org, ecdh-sha2-nistp256, ecdh-sha2-nistp384, ecdh-sha2-nistp521, diffie-hellman-group-exchange-sha256, diffie-hellman-group16-sha512, diffie-hellman-group18-sha512, diffie-hellman-group14-sha256, diffie-hellman-group14-sha1
DEB [20240422-17:08:34.393] thr=1   paramiko.transport: server key: ssh-rsa, rsa-sha2-512, rsa-sha2-256, ecdsa-sha2-nistp256
DEB [20240422-17:08:34.393] thr=1   paramiko.transport: client encrypt: aes128-ctr, aes192-ctr, aes256-ctr
DEB [20240422-17:08:34.393] thr=1   paramiko.transport: server encrypt: aes128-ctr, aes192-ctr, aes256-ctr
DEB [20240422-17:08:34.393] thr=1   paramiko.transport: client mac: hmac-sha2-256, hmac-sha2-512, hmac-sha1
DEB [20240422-17:08:34.393] thr=1   paramiko.transport: server mac: hmac-sha2-256, hmac-sha2-512, hmac-sha1
DEB [20240422-17:08:34.393] thr=1   paramiko.transport: client compress: none, zlib@openssh.com
DEB [20240422-17:08:34.394] thr=1   paramiko.transport: server compress: none, zlib@openssh.com
DEB [20240422-17:08:34.394] thr=1   paramiko.transport: client lang: <none>
DEB [20240422-17:08:34.394] thr=1   paramiko.transport: server lang: <none>
DEB [20240422-17:08:34.394] thr=1   paramiko.transport: kex follows: False
DEB [20240422-17:08:34.394] thr=1   paramiko.transport: === Key exchange agreements ===
DEB [20240422-17:08:34.395] thr=1   paramiko.transport: Kex: curve25519-sha256@libssh.org
DEB [20240422-17:08:34.395] thr=1   paramiko.transport: HostKey: ecdsa-sha2-nistp256
DEB [20240422-17:08:34.395] thr=1   paramiko.transport: Cipher: aes128-ctr
DEB [20240422-17:08:34.395] thr=1   paramiko.transport: MAC: hmac-sha2-256
DEB [20240422-17:08:34.395] thr=1   paramiko.transport: Compression: none
DEB [20240422-17:08:34.395] thr=1   paramiko.transport: === End of kex handshake ===
DEB [20240422-17:08:34.584] thr=1   paramiko.transport: kex engine KexCurve25519 specified hash_algo <built-in function openssl_sha256>
DEB [20240422-17:08:34.584] thr=1   paramiko.transport: Switch to new keys ...
DEB [20240422-17:08:34.585] thr=1   paramiko.transport: Got EXT_INFO: {'server-sig-algs': b'ssh-ed25519,ssh-rsa,rsa-sha2-256,rsa-sha2-512,ssh-dss,ecdsa-sha2-nistp256,ecdsa-sha2-nistp384,ecdsa-sha2-nistp521'}
DEB [20240422-17:08:34.585] thr=2   paramiko.transport: Adding ecdsa-sha2-nistp256 host key for 10.91.77.131: b'a0774047b66e847b660c70bdf5755159'
DEB [20240422-17:08:34.588] thr=1   paramiko.transport: userauth is OK
INF [20240422-17:08:34.636] thr=1   paramiko.transport: Auth banner: b'...                                        .yy-   `..`                          \nsho                                        .hh-   -yy/                          \nsho         .-----.    `-.`----.     `.-----hh-  .-::.    `.----.`              \nsho        `+yyyyyys.  :yyyysyyyo.  .syyssyyhh- `+yyy/  .oyyyyyys.              \nsho         ```...yho  :hy/```-sh+  ohy.```/hh-  `.sh/  /hy-...``               \nsho        .+ossssyho  :hy.   `oh+  ohs    -hh-   `sh/  .oyyssso/.              \nsho       .yh+::-:yho  :hy.   `oh+  ohs    -hh-   `sh/    `.--:ohs`     ``      \n+hy/::::. -yh/--:+yho  :hy.   `oh+  /hy/-:/shh-   `sh/  `:::::/oho`    `/+`     \n`/oooooo:  :ossss++s+  -oo.    +s/  `:ossss+oo.   `+o:  `ooooooo:`     `/+.     \n             ````  `    `       `      ```` ``      `     ````    `````.++-`````\n                               :+-   `-//+++/`                    //////+o//////\n                               oh/  .sysoooo+`                     `````/+.`````\n                               oh/  +hy`        +o:    .o+.`/o:/oo`    `/+.     \n                               oh/  +hy  .::::- /yy.   oh+ `shyo//`    `//`     \n                               oh/  +hy  :ooyho``oho` .hy. `sh+`        ``      \n                               oh/  +hy    `+ho` .yh:`oh+  `sh+                 \n                               oh/  /hy-```.oho`  :hy+yy.  `sh+                 \n                               oh/  `oyyssssys:   `oyhh/   `sy+                 \n                               oh/    `--::-.`     `+hy`    --.                 \n                               oh/              `-:+yy:                         \n                               oh/              `+so+-                          \n                               oh/                                              \n'
INF [20240422-17:08:34.637] thr=1   paramiko.transport: Authentication (password) successful!
DEB [20240422-17:08:34.638] thr=2   paramiko.transport: [chan 0] Max packet in: 32768 bytes
DEB [20240422-17:08:34.670] thr=1   paramiko.transport: Received global request "hostkeys-00@openssh.com"
DEB [20240422-17:08:34.670] thr=1   paramiko.transport: Rejecting "hostkeys-00@openssh.com" global request from server.
DEB [20240422-17:08:34.720] thr=1   paramiko.transport: [chan 0] Max packet out: 32768 bytes
DEB [20240422-17:08:34.720] thr=1   paramiko.transport: Secsh channel 0 opened.
DEB [20240422-17:08:34.724] thr=1   paramiko.transport: [chan 0] Sesch channel 0 request ok
DEB [20240422-17:08:34.776] thr=1   paramiko.transport: [chan 0] EOF received (0)
DEB [20240422-17:08:34.776] thr=2   paramiko.transport: [chan 1] Max packet in: 32768 bytes
DEB [20240422-17:08:34.777] thr=1   paramiko.transport: [chan 0] EOF sent (0)
DEB [20240422-17:08:34.778] thr=1   paramiko.transport: [chan 1] Max packet out: 32768 bytes
DEB [20240422-17:08:34.778] thr=1   paramiko.transport: Secsh channel 1 opened.
DEB [20240422-17:08:34.860] thr=1   paramiko.transport: [chan 1] Sesch channel 1 request ok
DEB [20240422-17:08:34.967] thr=1   paramiko.transport: [chan 1] EOF received (1)
DEB [20240422-17:08:34.968] thr=2   paramiko.transport: [chan 1] EOF sent (1)
DEB [20240423-08:48:44.933] thr=1   paramiko.transport: starting thread (client mode): 0x283ab680
DEB [20240423-08:48:44.934] thr=1   paramiko.transport: Local version/idstring: SSH-2.0-paramiko_3.4.0
DEB [20240423-08:48:45.016] thr=1   paramiko.transport: Remote version/idstring: SSH-2.0-OpenSSH_7.6
INF [20240423-08:48:45.017] thr=1   paramiko.transport: Connected (version 2.0, client OpenSSH_7.6)
DEB [20240423-08:48:45.029] thr=1   paramiko.transport: === Key exchange possibilities ===
DEB [20240423-08:48:45.030] thr=1   paramiko.transport: kex algos: curve25519-sha256, curve25519-sha256@libssh.org, ecdh-sha2-nistp256, ecdh-sha2-nistp384, ecdh-sha2-nistp521, diffie-hellman-group-exchange-sha256, diffie-hellman-group16-sha512, diffie-hellman-group18-sha512, diffie-hellman-group14-sha256, diffie-hellman-group14-sha1
DEB [20240423-08:48:45.030] thr=1   paramiko.transport: server key: ssh-rsa, rsa-sha2-512, rsa-sha2-256, ecdsa-sha2-nistp256
DEB [20240423-08:48:45.030] thr=1   paramiko.transport: client encrypt: aes128-ctr, aes192-ctr, aes256-ctr
DEB [20240423-08:48:45.030] thr=1   paramiko.transport: server encrypt: aes128-ctr, aes192-ctr, aes256-ctr
DEB [20240423-08:48:45.030] thr=1   paramiko.transport: client mac: hmac-sha2-256, hmac-sha2-512, hmac-sha1
DEB [20240423-08:48:45.030] thr=1   paramiko.transport: server mac: hmac-sha2-256, hmac-sha2-512, hmac-sha1
DEB [20240423-08:48:45.030] thr=1   paramiko.transport: client compress: none, zlib@openssh.com
DEB [20240423-08:48:45.031] thr=1   paramiko.transport: server compress: none, zlib@openssh.com
DEB [20240423-08:48:45.031] thr=1   paramiko.transport: client lang: <none>
DEB [20240423-08:48:45.031] thr=1   paramiko.transport: server lang: <none>
DEB [20240423-08:48:45.031] thr=1   paramiko.transport: kex follows: False
DEB [20240423-08:48:45.031] thr=1   paramiko.transport: === Key exchange agreements ===
DEB [20240423-08:48:45.031] thr=1   paramiko.transport: Kex: curve25519-sha256@libssh.org
DEB [20240423-08:48:45.032] thr=1   paramiko.transport: HostKey: ecdsa-sha2-nistp256
DEB [20240423-08:48:45.032] thr=1   paramiko.transport: Cipher: aes128-ctr
DEB [20240423-08:48:45.032] thr=1   paramiko.transport: MAC: hmac-sha2-256
DEB [20240423-08:48:45.032] thr=1   paramiko.transport: Compression: none
DEB [20240423-08:48:45.033] thr=1   paramiko.transport: === End of kex handshake ===
DEB [20240423-08:48:45.128] thr=1   paramiko.transport: kex engine KexCurve25519 specified hash_algo <built-in function openssl_sha256>
DEB [20240423-08:48:45.128] thr=1   paramiko.transport: Switch to new keys ...
DEB [20240423-08:48:45.129] thr=2   paramiko.transport: Adding ecdsa-sha2-nistp256 host key for 10.91.77.131: b'a0774047b66e847b660c70bdf5755159'
DEB [20240423-08:48:45.130] thr=1   paramiko.transport: Got EXT_INFO: {'server-sig-algs': b'ssh-ed25519,ssh-rsa,rsa-sha2-256,rsa-sha2-512,ssh-dss,ecdsa-sha2-nistp256,ecdsa-sha2-nistp384,ecdsa-sha2-nistp521'}
DEB [20240423-08:48:45.133] thr=1   paramiko.transport: userauth is OK
INF [20240423-08:48:45.163] thr=1   paramiko.transport: Auth banner: b'...                                        .yy-   `..`                          \nsho                                        .hh-   -yy/                          \nsho         .-----.    `-.`----.     `.-----hh-  .-::.    `.----.`              \nsho        `+yyyyyys.  :yyyysyyyo.  .syyssyyhh- `+yyy/  .oyyyyyys.              \nsho         ```...yho  :hy/```-sh+  ohy.```/hh-  `.sh/  /hy-...``               \nsho        .+ossssyho  :hy.   `oh+  ohs    -hh-   `sh/  .oyyssso/.              \nsho       .yh+::-:yho  :hy.   `oh+  ohs    -hh-   `sh/    `.--:ohs`     ``      \n+hy/::::. -yh/--:+yho  :hy.   `oh+  /hy/-:/shh-   `sh/  `:::::/oho`    `/+`     \n`/oooooo:  :ossss++s+  -oo.    +s/  `:ossss+oo.   `+o:  `ooooooo:`     `/+.     \n             ````  `    `       `      ```` ``      `     ````    `````.++-`````\n                               :+-   `-//+++/`                    //////+o//////\n                               oh/  .sysoooo+`                     `````/+.`````\n                               oh/  +hy`        +o:    .o+.`/o:/oo`    `/+.     \n                               oh/  +hy  .::::- /yy.   oh+ `shyo//`    `//`     \n                               oh/  +hy  :ooyho``oho` .hy. `sh+`        ``      \n                               oh/  +hy    `+ho` .yh:`oh+  `sh+                 \n                               oh/  /hy-```.oho`  :hy+yy.  `sh+                 \n                               oh/  `oyyssssys:   `oyhh/   `sy+                 \n                               oh/    `--::-.`     `+hy`    --.                 \n                               oh/              `-:+yy:                         \n                               oh/              `+so+-                          \n                               oh/                                              \n'
INF [20240423-08:48:45.164] thr=1   paramiko.transport: Authentication (password) successful!
DEB [20240423-08:48:45.166] thr=2   paramiko.transport: [chan 0] Max packet in: 32768 bytes
DEB [20240423-08:48:45.178] thr=1   paramiko.transport: Received global request "hostkeys-00@openssh.com"
DEB [20240423-08:48:45.178] thr=1   paramiko.transport: Rejecting "hostkeys-00@openssh.com" global request from server.
DEB [20240423-08:48:45.227] thr=1   paramiko.transport: [chan 0] Max packet out: 32768 bytes
DEB [20240423-08:48:45.228] thr=1   paramiko.transport: Secsh channel 0 opened.
DEB [20240423-08:48:45.232] thr=1   paramiko.transport: [chan 0] Sesch channel 0 request ok
DEB [20240423-08:48:45.255] thr=1   paramiko.transport: [chan 0] EOF received (0)
DEB [20240423-08:48:45.256] thr=2   paramiko.transport: [chan 1] Max packet in: 32768 bytes
DEB [20240423-08:48:45.256] thr=1   paramiko.transport: [chan 0] EOF sent (0)
DEB [20240423-08:48:45.258] thr=1   paramiko.transport: [chan 1] Max packet out: 32768 bytes
DEB [20240423-08:48:45.258] thr=1   paramiko.transport: Secsh channel 1 opened.
DEB [20240423-08:48:45.311] thr=1   paramiko.transport: [chan 1] Sesch channel 1 request ok
DEB [20240423-08:48:45.371] thr=1   paramiko.transport: [chan 1] EOF received (1)
DEB [20240423-08:48:45.371] thr=2   paramiko.transport: [chan 2] Max packet in: 32768 bytes
DEB [20240423-08:48:45.373] thr=1   paramiko.transport: [chan 1] EOF sent (1)
DEB [20240423-08:48:45.374] thr=1   paramiko.transport: [chan 2] Max packet out: 32768 bytes
DEB [20240423-08:48:45.374] thr=1   paramiko.transport: Secsh channel 2 opened.
DEB [20240423-08:48:45.420] thr=1   paramiko.transport: [chan 2] Sesch channel 2 request ok
