DEB [20240524-16:55:54.363] thr=1   paramiko.transport: starting thread (client mode): 0xa716b890
DEB [20240524-16:55:54.363] thr=1   paramiko.transport: Local version/idstring: SSH-2.0-paramiko_3.4.0
DEB [20240524-16:55:54.651] thr=1   paramiko.transport: Remote version/idstring: SSH-2.0-OpenSSH_7.6
INF [20240524-16:55:54.652] thr=1   paramiko.transport: Connected (version 2.0, client OpenSSH_7.6)
DEB [20240524-16:55:54.695] thr=1   paramiko.transport: === Key exchange possibilities ===
DEB [20240524-16:55:54.696] thr=1   paramiko.transport: kex algos: curve25519-sha256, curve25519-sha256@libssh.org, ecdh-sha2-nistp256, ecdh-sha2-nistp384, ecdh-sha2-nistp521, diffie-hellman-group-exchange-sha256, diffie-hellman-group16-sha512, diffie-hellman-group18-sha512, diffie-hellman-group14-sha256, diffie-hellman-group14-sha1
DEB [20240524-16:55:54.697] thr=1   paramiko.transport: server key: ssh-rsa, rsa-sha2-512, rsa-sha2-256, ecdsa-sha2-nistp256
DEB [20240524-16:55:54.698] thr=1   paramiko.transport: client encrypt: aes128-ctr, aes192-ctr, aes256-ctr
DEB [20240524-16:55:54.698] thr=1   paramiko.transport: server encrypt: aes128-ctr, aes192-ctr, aes256-ctr
DEB [20240524-16:55:54.698] thr=1   paramiko.transport: client mac: hmac-sha2-256, hmac-sha2-512, hmac-sha1
DEB [20240524-16:55:54.699] thr=1   paramiko.transport: server mac: hmac-sha2-256, hmac-sha2-512, hmac-sha1
DEB [20240524-16:55:54.699] thr=1   paramiko.transport: client compress: none, zlib@openssh.com
DEB [20240524-16:55:54.699] thr=1   paramiko.transport: server compress: none, zlib@openssh.com
DEB [20240524-16:55:54.700] thr=1   paramiko.transport: client lang: <none>
DEB [20240524-16:55:54.700] thr=1   paramiko.transport: server lang: <none>
DEB [20240524-16:55:54.700] thr=1   paramiko.transport: kex follows: False
DEB [20240524-16:55:54.700] thr=1   paramiko.transport: === Key exchange agreements ===
DEB [20240524-16:55:54.701] thr=1   paramiko.transport: Kex: curve25519-sha256@libssh.org
DEB [20240524-16:55:54.701] thr=1   paramiko.transport: HostKey: ecdsa-sha2-nistp256
DEB [20240524-16:55:54.701] thr=1   paramiko.transport: Cipher: aes128-ctr
DEB [20240524-16:55:54.701] thr=1   paramiko.transport: MAC: hmac-sha2-256
DEB [20240524-16:55:54.701] thr=1   paramiko.transport: Compression: none
DEB [20240524-16:55:54.702] thr=1   paramiko.transport: === End of kex handshake ===
DEB [20240524-16:55:54.924] thr=1   paramiko.transport: kex engine KexCurve25519 specified hash_algo <built-in function openssl_sha256>
DEB [20240524-16:55:54.925] thr=1   paramiko.transport: Switch to new keys ...
DEB [20240524-16:55:54.927] thr=2   paramiko.transport: Adding ecdsa-sha2-nistp256 host key for 10.91.77.131: b'88937040b44ae74c9494801cc8959df6'
DEB [20240524-16:55:54.928] thr=1   paramiko.transport: Got EXT_INFO: {'server-sig-algs': b'ssh-ed25519,ssh-rsa,rsa-sha2-256,rsa-sha2-512,ssh-dss,ecdsa-sha2-nistp256,ecdsa-sha2-nistp384,ecdsa-sha2-nistp521'}
DEB [20240524-16:55:54.935] thr=1   paramiko.transport: userauth is OK
INF [20240524-16:55:55.008] thr=1   paramiko.transport: Auth banner: b'...                                        .yy-   `..`                          \nsho                                        .hh-   -yy/                          \nsho         .-----.    `-.`----.     `.-----hh-  .-::.    `.----.`              \nsho        `+yyyyyys.  :yyyysyyyo.  .syyssyyhh- `+yyy/  .oyyyyyys.              \nsho         ```...yho  :hy/```-sh+  ohy.```/hh-  `.sh/  /hy-...``               \nsho        .+ossssyho  :hy.   `oh+  ohs    -hh-   `sh/  .oyyssso/.              \nsho       .yh+::-:yho  :hy.   `oh+  ohs    -hh-   `sh/    `.--:ohs`     ``      \n+hy/::::. -yh/--:+yho  :hy.   `oh+  /hy/-:/shh-   `sh/  `:::::/oho`    `/+`     \n`/oooooo:  :ossss++s+  -oo.    +s/  `:ossss+oo.   `+o:  `ooooooo:`     `/+.     \n             ````  `    `       `      ```` ``      `     ````    `````.++-`````\n                               :+-   `-//+++/`                    //////+o//////\n                               oh/  .sysoooo+`                     `````/+.`````\n                               oh/  +hy`        +o:    .o+.`/o:/oo`    `/+.     \n                               oh/  +hy  .::::- /yy.   oh+ `shyo//`    `//`     \n                               oh/  +hy  :ooyho``oho` .hy. `sh+`        ``      \n                               oh/  +hy    `+ho` .yh:`oh+  `sh+                 \n                               oh/  /hy-```.oho`  :hy+yy.  `sh+                 \n                               oh/  `oyyssssys:   `oyhh/   `sy+                 \n                               oh/    `--::-.`     `+hy`    --.                 \n                               oh/              `-:+yy:                         \n                               oh/              `+so+-                          \n                               oh/                                              \n'
INF [20240524-16:55:55.010] thr=1   paramiko.transport: Authentication (password) successful!
DEB [20240524-16:55:55.013] thr=2   paramiko.transport: [chan 0] Max packet in: 32768 bytes
DEB [20240524-16:55:55.034] thr=1   paramiko.transport: Received global request "hostkeys-00@openssh.com"
DEB [20240524-16:55:55.034] thr=1   paramiko.transport: Rejecting "hostkeys-00@openssh.com" global request from server.
DEB [20240524-16:55:55.086] thr=1   paramiko.transport: [chan 0] Max packet out: 32768 bytes
DEB [20240524-16:55:55.086] thr=1   paramiko.transport: Secsh channel 0 opened.
DEB [20240524-16:55:55.090] thr=1   paramiko.transport: [chan 0] Sesch channel 0 request ok
DEB [20240524-16:55:55.188] thr=1   paramiko.transport: [chan 0] EOF received (0)
DEB [20240524-16:55:55.190] thr=2   paramiko.transport: [chan 1] Max packet in: 32768 bytes
DEB [20240524-16:55:55.191] thr=1   paramiko.transport: [chan 0] EOF sent (0)
DEB [20240524-16:55:55.192] thr=1   paramiko.transport: [chan 1] Max packet out: 32768 bytes
DEB [20240524-16:55:55.192] thr=1   paramiko.transport: Secsh channel 1 opened.
DEB [20240524-16:55:55.238] thr=1   paramiko.transport: [chan 1] Sesch channel 1 request ok
DEB [20240524-16:55:55.298] thr=1   paramiko.transport: [chan 1] EOF received (1)
DEB [20240524-16:55:55.299] thr=2   paramiko.transport: [chan 2] Max packet in: 32768 bytes
DEB [20240524-16:55:55.301] thr=1   paramiko.transport: [chan 1] EOF sent (1)
DEB [20240524-16:55:55.302] thr=1   paramiko.transport: [chan 2] Max packet out: 32768 bytes
DEB [20240524-16:55:55.302] thr=1   paramiko.transport: Secsh channel 2 opened.
DEB [20240524-16:55:55.350] thr=1   paramiko.transport: [chan 2] Sesch channel 2 request ok
DEB [20240524-16:55:55.467] thr=1   paramiko.transport: [chan 2] EOF received (2)
DEB [20240524-16:55:55.469] thr=1   paramiko.transport: [chan 2] EOF sent (2)
DEB [20240524-16:55:55.474] thr=1   paramiko.transport: EOF in transport thread
DEB [20240524-16:57:30.644] thr=1   paramiko.transport: starting thread (client mode): 0xa2d9b890
DEB [20240524-16:57:30.644] thr=1   paramiko.transport: Local version/idstring: SSH-2.0-paramiko_3.4.0
DEB [20240524-16:57:30.858] thr=1   paramiko.transport: Remote version/idstring: SSH-2.0-OpenSSH_7.6
INF [20240524-16:57:30.858] thr=1   paramiko.transport: Connected (version 2.0, client OpenSSH_7.6)
DEB [20240524-16:57:30.878] thr=1   paramiko.transport: === Key exchange possibilities ===
DEB [20240524-16:57:30.879] thr=1   paramiko.transport: kex algos: curve25519-sha256, curve25519-sha256@libssh.org, ecdh-sha2-nistp256, ecdh-sha2-nistp384, ecdh-sha2-nistp521, diffie-hellman-group-exchange-sha256, diffie-hellman-group16-sha512, diffie-hellman-group18-sha512, diffie-hellman-group14-sha256, diffie-hellman-group14-sha1
DEB [20240524-16:57:30.879] thr=1   paramiko.transport: server key: ssh-rsa, rsa-sha2-512, rsa-sha2-256, ecdsa-sha2-nistp256
DEB [20240524-16:57:30.880] thr=1   paramiko.transport: client encrypt: aes128-ctr, aes192-ctr, aes256-ctr
DEB [20240524-16:57:30.880] thr=1   paramiko.transport: server encrypt: aes128-ctr, aes192-ctr, aes256-ctr
DEB [20240524-16:57:30.880] thr=1   paramiko.transport: client mac: hmac-sha2-256, hmac-sha2-512, hmac-sha1
DEB [20240524-16:57:30.881] thr=1   paramiko.transport: server mac: hmac-sha2-256, hmac-sha2-512, hmac-sha1
DEB [20240524-16:57:30.881] thr=1   paramiko.transport: client compress: none, zlib@openssh.com
DEB [20240524-16:57:30.881] thr=1   paramiko.transport: server compress: none, zlib@openssh.com
DEB [20240524-16:57:30.882] thr=1   paramiko.transport: client lang: <none>
DEB [20240524-16:57:30.882] thr=1   paramiko.transport: server lang: <none>
DEB [20240524-16:57:30.882] thr=1   paramiko.transport: kex follows: False
DEB [20240524-16:57:30.883] thr=1   paramiko.transport: === Key exchange agreements ===
DEB [20240524-16:57:30.883] thr=1   paramiko.transport: Kex: curve25519-sha256@libssh.org
DEB [20240524-16:57:30.884] thr=1   paramiko.transport: HostKey: ecdsa-sha2-nistp256
DEB [20240524-16:57:30.884] thr=1   paramiko.transport: Cipher: aes128-ctr
DEB [20240524-16:57:30.884] thr=1   paramiko.transport: MAC: hmac-sha2-256
DEB [20240524-16:57:30.885] thr=1   paramiko.transport: Compression: none
DEB [20240524-16:57:30.885] thr=1   paramiko.transport: === End of kex handshake ===
DEB [20240524-16:57:31.148] thr=1   paramiko.transport: kex engine KexCurve25519 specified hash_algo <built-in function openssl_sha256>
DEB [20240524-16:57:31.149] thr=1   paramiko.transport: Switch to new keys ...
DEB [20240524-16:57:31.150] thr=2   paramiko.transport: Adding ecdsa-sha2-nistp256 host key for 10.91.77.131: b'88937040b44ae74c9494801cc8959df6'
DEB [20240524-16:57:31.150] thr=1   paramiko.transport: Got EXT_INFO: {'server-sig-algs': b'ssh-ed25519,ssh-rsa,rsa-sha2-256,rsa-sha2-512,ssh-dss,ecdsa-sha2-nistp256,ecdsa-sha2-nistp384,ecdsa-sha2-nistp521'}
DEB [20240524-16:57:31.153] thr=1   paramiko.transport: userauth is OK
INF [20240524-16:57:31.220] thr=1   paramiko.transport: Auth banner: b'...                                        .yy-   `..`                          \nsho                                        .hh-   -yy/                          \nsho         .-----.    `-.`----.     `.-----hh-  .-::.    `.----.`              \nsho        `+yyyyyys.  :yyyysyyyo.  .syyssyyhh- `+yyy/  .oyyyyyys.              \nsho         ```...yho  :hy/```-sh+  ohy.```/hh-  `.sh/  /hy-...``               \nsho        .+ossssyho  :hy.   `oh+  ohs    -hh-   `sh/  .oyyssso/.              \nsho       .yh+::-:yho  :hy.   `oh+  ohs    -hh-   `sh/    `.--:ohs`     ``      \n+hy/::::. -yh/--:+yho  :hy.   `oh+  /hy/-:/shh-   `sh/  `:::::/oho`    `/+`     \n`/oooooo:  :ossss++s+  -oo.    +s/  `:ossss+oo.   `+o:  `ooooooo:`     `/+.     \n             ````  `    `       `      ```` ``      `     ````    `````.++-`````\n                               :+-   `-//+++/`                    //////+o//////\n                               oh/  .sysoooo+`                     `````/+.`````\n                               oh/  +hy`        +o:    .o+.`/o:/oo`    `/+.     \n                               oh/  +hy  .::::- /yy.   oh+ `shyo//`    `//`     \n                               oh/  +hy  :ooyho``oho` .hy. `sh+`        ``      \n                               oh/  +hy    `+ho` .yh:`oh+  `sh+                 \n                               oh/  /hy-```.oho`  :hy+yy.  `sh+                 \n                               oh/  `oyyssssys:   `oyhh/   `sy+                 \n                               oh/    `--::-.`     `+hy`    --.                 \n                               oh/              `-:+yy:                         \n                               oh/              `+so+-                          \n                               oh/                                              \n'
INF [20240524-16:57:31.220] thr=1   paramiko.transport: Authentication (password) successful!
DEB [20240524-16:57:31.221] thr=2   paramiko.transport: [chan 0] Max packet in: 32768 bytes
DEB [20240524-16:57:31.269] thr=1   paramiko.transport: Received global request "hostkeys-00@openssh.com"
DEB [20240524-16:57:31.269] thr=1   paramiko.transport: Rejecting "hostkeys-00@openssh.com" global request from server.
DEB [20240524-16:57:31.322] thr=1   paramiko.transport: [chan 0] Max packet out: 32768 bytes
DEB [20240524-16:57:31.323] thr=1   paramiko.transport: Secsh channel 0 opened.
DEB [20240524-16:57:31.328] thr=1   paramiko.transport: [chan 0] Sesch channel 0 request ok
DEB [20240524-16:57:31.443] thr=1   paramiko.transport: [chan 0] EOF received (0)
DEB [20240524-16:57:31.444] thr=2   paramiko.transport: [chan 1] Max packet in: 32768 bytes
DEB [20240524-16:57:31.445] thr=1   paramiko.transport: [chan 0] EOF sent (0)
DEB [20240524-16:57:31.447] thr=1   paramiko.transport: [chan 1] Max packet out: 32768 bytes
DEB [20240524-16:57:31.447] thr=1   paramiko.transport: Secsh channel 1 opened.
DEB [20240524-16:57:31.496] thr=1   paramiko.transport: [chan 1] Sesch channel 1 request ok
DEB [20240524-16:57:31.534] thr=1   paramiko.transport: [chan 1] EOF received (1)
DEB [20240524-16:57:31.534] thr=2   paramiko.transport: [chan 2] Max packet in: 32768 bytes
DEB [20240524-16:57:31.535] thr=1   paramiko.transport: [chan 1] EOF sent (1)
DEB [20240524-16:57:31.536] thr=1   paramiko.transport: [chan 2] Max packet out: 32768 bytes
DEB [20240524-16:57:31.536] thr=1   paramiko.transport: Secsh channel 2 opened.
DEB [20240524-16:57:31.584] thr=1   paramiko.transport: [chan 2] Sesch channel 2 request ok
DEB [20240524-16:57:31.675] thr=1   paramiko.transport: [chan 2] EOF received (2)
DEB [20240524-16:57:31.675] thr=2   paramiko.transport: [chan 3] Max packet in: 32768 bytes
DEB [20240524-16:57:31.676] thr=1   paramiko.transport: [chan 2] EOF sent (2)
DEB [20240524-16:57:31.678] thr=1   paramiko.transport: [chan 3] Max packet out: 32768 bytes
DEB [20240524-16:57:31.678] thr=1   paramiko.transport: Secsh channel 3 opened.
DEB [20240524-16:57:31.725] thr=1   paramiko.transport: [chan 3] Sesch channel 3 request ok
DEB [20240524-16:57:31.775] thr=1   paramiko.transport: [chan 3] EOF received (3)
DEB [20240524-16:57:31.776] thr=1   paramiko.transport: [chan 3] EOF sent (3)
DEB [20240524-16:57:31.780] thr=1   paramiko.transport: EOF in transport thread
DEB [20240524-16:58:12.456] thr=1   paramiko.transport: starting thread (client mode): 0xd3a0c6b0
DEB [20240524-16:58:12.457] thr=1   paramiko.transport: Local version/idstring: SSH-2.0-paramiko_3.4.0
DEB [20240524-16:58:12.730] thr=1   paramiko.transport: Remote version/idstring: SSH-2.0-OpenSSH_7.6
INF [20240524-16:58:12.730] thr=1   paramiko.transport: Connected (version 2.0, client OpenSSH_7.6)
DEB [20240524-16:58:12.771] thr=1   paramiko.transport: === Key exchange possibilities ===
DEB [20240524-16:58:12.771] thr=1   paramiko.transport: kex algos: curve25519-sha256, curve25519-sha256@libssh.org, ecdh-sha2-nistp256, ecdh-sha2-nistp384, ecdh-sha2-nistp521, diffie-hellman-group-exchange-sha256, diffie-hellman-group16-sha512, diffie-hellman-group18-sha512, diffie-hellman-group14-sha256, diffie-hellman-group14-sha1
DEB [20240524-16:58:12.771] thr=1   paramiko.transport: server key: ssh-rsa, rsa-sha2-512, rsa-sha2-256, ecdsa-sha2-nistp256
DEB [20240524-16:58:12.771] thr=1   paramiko.transport: client encrypt: aes128-ctr, aes192-ctr, aes256-ctr
DEB [20240524-16:58:12.772] thr=1   paramiko.transport: server encrypt: aes128-ctr, aes192-ctr, aes256-ctr
DEB [20240524-16:58:12.772] thr=1   paramiko.transport: client mac: hmac-sha2-256, hmac-sha2-512, hmac-sha1
DEB [20240524-16:58:12.772] thr=1   paramiko.transport: server mac: hmac-sha2-256, hmac-sha2-512, hmac-sha1
DEB [20240524-16:58:12.772] thr=1   paramiko.transport: client compress: none, zlib@openssh.com
DEB [20240524-16:58:12.772] thr=1   paramiko.transport: server compress: none, zlib@openssh.com
DEB [20240524-16:58:12.772] thr=1   paramiko.transport: client lang: <none>
DEB [20240524-16:58:12.772] thr=1   paramiko.transport: server lang: <none>
DEB [20240524-16:58:12.772] thr=1   paramiko.transport: kex follows: False
DEB [20240524-16:58:12.772] thr=1   paramiko.transport: === Key exchange agreements ===
DEB [20240524-16:58:12.772] thr=1   paramiko.transport: Kex: curve25519-sha256@libssh.org
DEB [20240524-16:58:12.772] thr=1   paramiko.transport: HostKey: ecdsa-sha2-nistp256
DEB [20240524-16:58:12.773] thr=1   paramiko.transport: Cipher: aes128-ctr
DEB [20240524-16:58:12.773] thr=1   paramiko.transport: MAC: hmac-sha2-256
DEB [20240524-16:58:12.773] thr=1   paramiko.transport: Compression: none
DEB [20240524-16:58:12.773] thr=1   paramiko.transport: === End of kex handshake ===
DEB [20240524-16:58:13.011] thr=1   paramiko.transport: kex engine KexCurve25519 specified hash_algo <built-in function openssl_sha256>
DEB [20240524-16:58:13.012] thr=1   paramiko.transport: Switch to new keys ...
DEB [20240524-16:58:13.014] thr=2   paramiko.transport: Adding ecdsa-sha2-nistp256 host key for 10.91.77.131: b'88937040b44ae74c9494801cc8959df6'
DEB [20240524-16:58:13.015] thr=1   paramiko.transport: Got EXT_INFO: {'server-sig-algs': b'ssh-ed25519,ssh-rsa,rsa-sha2-256,rsa-sha2-512,ssh-dss,ecdsa-sha2-nistp256,ecdsa-sha2-nistp384,ecdsa-sha2-nistp521'}
DEB [20240524-16:58:13.018] thr=1   paramiko.transport: userauth is OK
INF [20240524-16:58:13.167] thr=1   paramiko.transport: Auth banner: b'...                                        .yy-   `..`                          \nsho                                        .hh-   -yy/                          \nsho         .-----.    `-.`----.     `.-----hh-  .-::.    `.----.`              \nsho        `+yyyyyys.  :yyyysyyyo.  .syyssyyhh- `+yyy/  .oyyyyyys.              \nsho         ```...yho  :hy/```-sh+  ohy.```/hh-  `.sh/  /hy-...``               \nsho        .+ossssyho  :hy.   `oh+  ohs    -hh-   `sh/  .oyyssso/.              \nsho       .yh+::-:yho  :hy.   `oh+  ohs    -hh-   `sh/    `.--:ohs`     ``      \n+hy/::::. -yh/--:+yho  :hy.   `oh+  /hy/-:/shh-   `sh/  `:::::/oho`    `/+`     \n`/oooooo:  :ossss++s+  -oo.    +s/  `:ossss+oo.   `+o:  `ooooooo:`     `/+.     \n             ````  `    `       `      ```` ``      `     ````    `````.++-`````\n                               :+-   `-//+++/`                    //////+o//////\n                               oh/  .sysoooo+`                     `````/+.`````\n                               oh/  +hy`        +o:    .o+.`/o:/oo`    `/+.     \n                               oh/  +hy  .::::- /yy.   oh+ `shyo//`    `//`     \n                               oh/  +hy  :ooyho``oho` .hy. `sh+`        ``      \n                               oh/  +hy    `+ho` .yh:`oh+  `sh+                 \n                               oh/  /hy-```.oho`  :hy+yy.  `sh+                 \n                               oh/  `oyyssssys:   `oyhh/   `sy+                 \n                               oh/    `--::-.`     `+hy`    --.                 \n                               oh/              `-:+yy:                         \n                               oh/              `+so+-                          \n                               oh/                                              \n'
INF [20240524-16:58:13.167] thr=1   paramiko.transport: Authentication (password) successful!
DEB [20240524-16:58:13.169] thr=2   paramiko.transport: [chan 0] Max packet in: 32768 bytes
DEB [20240524-16:58:13.182] thr=1   paramiko.transport: Received global request "hostkeys-00@openssh.com"
DEB [20240524-16:58:13.182] thr=1   paramiko.transport: Rejecting "hostkeys-00@openssh.com" global request from server.
DEB [20240524-16:58:13.235] thr=1   paramiko.transport: [chan 0] Max packet out: 32768 bytes
DEB [20240524-16:58:13.235] thr=1   paramiko.transport: Secsh channel 0 opened.
DEB [20240524-16:58:13.240] thr=1   paramiko.transport: [chan 0] Sesch channel 0 request ok
DEB [20240524-16:58:13.352] thr=1   paramiko.transport: [chan 0] EOF received (0)
DEB [20240524-16:58:13.353] thr=2   paramiko.transport: [chan 1] Max packet in: 32768 bytes
DEB [20240524-16:58:13.365] thr=1   paramiko.transport: [chan 0] EOF sent (0)
DEB [20240524-16:58:13.366] thr=1   paramiko.transport: [chan 1] Max packet out: 32768 bytes
DEB [20240524-16:58:13.366] thr=1   paramiko.transport: Secsh channel 1 opened.
DEB [20240524-16:58:13.417] thr=1   paramiko.transport: [chan 1] Sesch channel 1 request ok
DEB [20240524-16:58:13.467] thr=1   paramiko.transport: [chan 1] EOF received (1)
DEB [20240524-16:58:13.468] thr=1   paramiko.transport: [chan 1] EOF sent (1)
DEB [20240524-16:58:13.470] thr=1   paramiko.transport: EOF in transport thread
DEB [20240524-16:58:42.506] thr=1   paramiko.transport: starting thread (client mode): 0xc2c2b890
DEB [20240524-16:58:42.506] thr=1   paramiko.transport: Local version/idstring: SSH-2.0-paramiko_3.4.0
DEB [20240524-16:58:42.691] thr=1   paramiko.transport: Remote version/idstring: SSH-2.0-OpenSSH_7.6
INF [20240524-16:58:42.691] thr=1   paramiko.transport: Connected (version 2.0, client OpenSSH_7.6)
DEB [20240524-16:58:42.713] thr=1   paramiko.transport: === Key exchange possibilities ===
DEB [20240524-16:58:42.713] thr=1   paramiko.transport: kex algos: curve25519-sha256, curve25519-sha256@libssh.org, ecdh-sha2-nistp256, ecdh-sha2-nistp384, ecdh-sha2-nistp521, diffie-hellman-group-exchange-sha256, diffie-hellman-group16-sha512, diffie-hellman-group18-sha512, diffie-hellman-group14-sha256, diffie-hellman-group14-sha1
DEB [20240524-16:58:42.713] thr=1   paramiko.transport: server key: ssh-rsa, rsa-sha2-512, rsa-sha2-256, ecdsa-sha2-nistp256
DEB [20240524-16:58:42.713] thr=1   paramiko.transport: client encrypt: aes128-ctr, aes192-ctr, aes256-ctr
DEB [20240524-16:58:42.713] thr=1   paramiko.transport: server encrypt: aes128-ctr, aes192-ctr, aes256-ctr
DEB [20240524-16:58:42.713] thr=1   paramiko.transport: client mac: hmac-sha2-256, hmac-sha2-512, hmac-sha1
DEB [20240524-16:58:42.713] thr=1   paramiko.transport: server mac: hmac-sha2-256, hmac-sha2-512, hmac-sha1
DEB [20240524-16:58:42.713] thr=1   paramiko.transport: client compress: none, zlib@openssh.com
DEB [20240524-16:58:42.713] thr=1   paramiko.transport: server compress: none, zlib@openssh.com
DEB [20240524-16:58:42.713] thr=1   paramiko.transport: client lang: <none>
DEB [20240524-16:58:42.713] thr=1   paramiko.transport: server lang: <none>
DEB [20240524-16:58:42.714] thr=1   paramiko.transport: kex follows: False
DEB [20240524-16:58:42.714] thr=1   paramiko.transport: === Key exchange agreements ===
DEB [20240524-16:58:42.714] thr=1   paramiko.transport: Kex: curve25519-sha256@libssh.org
DEB [20240524-16:58:42.714] thr=1   paramiko.transport: HostKey: ecdsa-sha2-nistp256
DEB [20240524-16:58:42.714] thr=1   paramiko.transport: Cipher: aes128-ctr
DEB [20240524-16:58:42.714] thr=1   paramiko.transport: MAC: hmac-sha2-256
DEB [20240524-16:58:42.714] thr=1   paramiko.transport: Compression: none
DEB [20240524-16:58:42.715] thr=1   paramiko.transport: === End of kex handshake ===
DEB [20240524-16:58:42.932] thr=1   paramiko.transport: kex engine KexCurve25519 specified hash_algo <built-in function openssl_sha256>
DEB [20240524-16:58:42.933] thr=1   paramiko.transport: Switch to new keys ...
DEB [20240524-16:58:42.933] thr=1   paramiko.transport: Got EXT_INFO: {'server-sig-algs': b'ssh-ed25519,ssh-rsa,rsa-sha2-256,rsa-sha2-512,ssh-dss,ecdsa-sha2-nistp256,ecdsa-sha2-nistp384,ecdsa-sha2-nistp521'}
DEB [20240524-16:58:42.934] thr=2   paramiko.transport: Adding ecdsa-sha2-nistp256 host key for 10.91.77.224: b'6542750d43a62b4e687ea426f1d1230e'
DEB [20240524-16:58:42.937] thr=1   paramiko.transport: userauth is OK
INF [20240524-16:58:43.008] thr=1   paramiko.transport: Auth banner: b'...                                        .yy-   `..`                          \nsho                                        .hh-   -yy/                          \nsho         .-----.    `-.`----.     `.-----hh-  .-::.    `.----.`              \nsho        `+yyyyyys.  :yyyysyyyo.  .syyssyyhh- `+yyy/  .oyyyyyys.              \nsho         ```...yho  :hy/```-sh+  ohy.```/hh-  `.sh/  /hy-...``               \nsho        .+ossssyho  :hy.   `oh+  ohs    -hh-   `sh/  .oyyssso/.              \nsho       .yh+::-:yho  :hy.   `oh+  ohs    -hh-   `sh/    `.--:ohs`     ``      \n+hy/::::. -yh/--:+yho  :hy.   `oh+  /hy/-:/shh-   `sh/  `:::::/oho`    `/+`     \n`/oooooo:  :ossss++s+  -oo.    +s/  `:ossss+oo.   `+o:  `ooooooo:`     `/+.     \n             ````  `    `       `      ```` ``      `     ````    `````.++-`````\n                               :+-   `-//+++/`                    //////+o//////\n                               oh/  .sysoooo+`                     `````/+.`````\n                               oh/  +hy`        +o:    .o+.`/o:/oo`    `/+.     \n                               oh/  +hy  .::::- /yy.   oh+ `shyo//`    `//`     \n                               oh/  +hy  :ooyho``oho` .hy. `sh+`        ``      \n                               oh/  +hy    `+ho` .yh:`oh+  `sh+                 \n                               oh/  /hy-```.oho`  :hy+yy.  `sh+                 \n                               oh/  `oyyssssys:   `oyhh/   `sy+                 \n                               oh/    `--::-.`     `+hy`    --.                 \n                               oh/              `-:+yy:                         \n                               oh/              `+so+-                          \n                               oh/                                              \n'
INF [20240524-16:58:43.009] thr=1   paramiko.transport: Authentication (password) successful!
DEB [20240524-16:58:43.012] thr=2   paramiko.transport: [chan 0] Max packet in: 32768 bytes
DEB [20240524-16:58:43.034] thr=1   paramiko.transport: Received global request "hostkeys-00@openssh.com"
DEB [20240524-16:58:43.035] thr=1   paramiko.transport: Rejecting "hostkeys-00@openssh.com" global request from server.
DEB [20240524-16:58:43.086] thr=1   paramiko.transport: [chan 0] Max packet out: 32768 bytes
DEB [20240524-16:58:43.087] thr=1   paramiko.transport: Secsh channel 0 opened.
DEB [20240524-16:58:43.092] thr=1   paramiko.transport: [chan 0] Sesch channel 0 request ok
DEB [20240524-16:58:43.150] thr=1   paramiko.transport: [chan 0] EOF received (0)
DEB [20240524-16:58:43.151] thr=2   paramiko.transport: [chan 1] Max packet in: 32768 bytes
DEB [20240524-16:58:43.153] thr=1   paramiko.transport: [chan 0] EOF sent (0)
DEB [20240524-16:58:43.155] thr=1   paramiko.transport: [chan 1] Max packet out: 32768 bytes
DEB [20240524-16:58:43.155] thr=1   paramiko.transport: Secsh channel 1 opened.
DEB [20240524-16:58:43.200] thr=1   paramiko.transport: [chan 1] Sesch channel 1 request ok
DEB [20240524-16:58:43.234] thr=1   paramiko.transport: [chan 1] EOF received (1)
DEB [20240524-16:58:43.235] thr=1   paramiko.transport: [chan 1] EOF sent (1)
DEB [20240524-16:58:43.238] thr=1   paramiko.transport: EOF in transport thread
